ARM GAS  C:\Users\schmi\AppData\Local\Temp\ccnEgk7L.s 			page 1


   1              		.syntax unified
   2              		.cpu cortex-m3
   3              		.fpu softvfp
   4              		.eabi_attribute 20, 1
   5              		.eabi_attribute 21, 1
   6              		.eabi_attribute 23, 3
   7              		.eabi_attribute 24, 1
   8              		.eabi_attribute 25, 1
   9              		.eabi_attribute 26, 1
  10              		.eabi_attribute 30, 1
  11              		.eabi_attribute 34, 1
  12              		.eabi_attribute 18, 4
  13              		.thumb
  14              		.syntax unified
  15              		.file	"cfar.c"
  16              		.text
  17              	.Ltext0:
  18              		.cfi_sections	.debug_frame
  19              		.global	__aeabi_i2f
  20              		.global	__aeabi_f2d
  21              		.global	__aeabi_d2f
  22              		.section	.text.compute_magnitudes,"ax",%progbits
  23              		.align	2
  24              		.global	compute_magnitudes
  25              		.thumb
  26              		.thumb_func
  27              		.type	compute_magnitudes, %function
  28              	compute_magnitudes:
  29              	.LFB63:
  30              		.file 1 "cfar.c"
   1:cfar.c        **** /* ========================================
   2:cfar.c        ****  *
   3:cfar.c        ****  * Copyright YOUR COMPANY, THE YEAR
   4:cfar.c        ****  * All Rights Reserved
   5:cfar.c        ****  * UNPUBLISHED, LICENSED SOFTWARE.
   6:cfar.c        ****  *
   7:cfar.c        ****  * CONFIDENTIAL AND PROPRIETARY INFORMATION
   8:cfar.c        ****  * WHICH IS THE PROPERTY OF your company.
   9:cfar.c        ****  *
  10:cfar.c        ****  * ========================================
  11:cfar.c        **** */
  12:cfar.c        **** #include "cfar.h"
  13:cfar.c        **** /*CA CFAR Parameter*/
  14:cfar.c        **** #define BUFFERSIZE 15
  15:cfar.c        **** #define SAMPLESIZE 512
  16:cfar.c        **** float N = 512;
  17:cfar.c        **** float NG = 1;
  18:cfar.c        **** float NR = 10;
  19:cfar.c        **** float PFA = 0;
  20:cfar.c        **** float alpha = 0;
  21:cfar.c        **** float summe = 0;
  22:cfar.c        **** float fifo[BUFFERSIZE] = { };
  23:cfar.c        **** float threshhold[SAMPLESIZE] = { };
  24:cfar.c        **** 
  25:cfar.c        **** 
  26:cfar.c        **** void compute_magnitudes(int32 * fft_array, float* magnitudes, int samples) {
  31              		.loc 1 26 0
ARM GAS  C:\Users\schmi\AppData\Local\Temp\ccnEgk7L.s 			page 2


  32              		.cfi_startproc
  33              		@ args = 0, pretend = 0, frame = 0
  34              		@ frame_needed = 0, uses_anonymous_args = 0
  35              	.LVL0:
  36 0000 2DE9F041 		push	{r4, r5, r6, r7, r8, lr}
  37              		.cfi_def_cfa_offset 24
  38              		.cfi_offset 4, -24
  39              		.cfi_offset 5, -20
  40              		.cfi_offset 6, -16
  41              		.cfi_offset 7, -12
  42              		.cfi_offset 8, -8
  43              		.cfi_offset 14, -4
  44 0004 0546     		mov	r5, r0
  45 0006 0F46     		mov	r7, r1
  46 0008 1646     		mov	r6, r2
  47              	.LVL1:
  48              	.LBB2:
  27:cfar.c        ****     for (int i = 0; i < samples; i++) {
  49              		.loc 1 27 0
  50 000a 0024     		movs	r4, #0
  51 000c 15E0     		b	.L2
  52              	.LVL2:
  53              	.L3:
  54              	.LBB3:
  28:cfar.c        ****         int32_t real = fft_array[2 * i];         // Real part
  55              		.loc 1 28 0 discriminator 3
  56 000e E300     		lsls	r3, r4, #3
  57 0010 55F83400 		ldr	r0, [r5, r4, lsl #3]
  58              	.LVL3:
  29:cfar.c        ****         int32_t imag = fft_array[2 * i + 1];     // Imaginary part
  59              		.loc 1 29 0 discriminator 3
  60 0014 0433     		adds	r3, r3, #4
  61 0016 EB58     		ldr	r3, [r5, r3]
  62              	.LVL4:
  30:cfar.c        ****         magnitudes[i] = sqrt((float)(real * real + imag * imag));
  63              		.loc 1 30 0 discriminator 3
  64 0018 03FB03F3 		mul	r3, r3, r3
  65              	.LVL5:
  66 001c 00FB0030 		mla	r0, r0, r0, r3
  67              	.LVL6:
  68 0020 FFF7FEFF 		bl	__aeabi_i2f
  69              	.LVL7:
  70 0024 8046     		mov	r8, r0
  71 0026 4046     		mov	r0, r8
  72 0028 FFF7FEFF 		bl	__aeabi_f2d
  73              	.LVL8:
  74 002c FFF7FEFF 		bl	sqrt
  75              	.LVL9:
  76 0030 FFF7FEFF 		bl	__aeabi_d2f
  77              	.LVL10:
  78 0034 47F82400 		str	r0, [r7, r4, lsl #2]	@ float
  79              	.LBE3:
  27:cfar.c        ****         int32_t real = fft_array[2 * i];         // Real part
  80              		.loc 1 27 0 discriminator 3
  81 0038 0134     		adds	r4, r4, #1
  82              	.LVL11:
  83              	.L2:
ARM GAS  C:\Users\schmi\AppData\Local\Temp\ccnEgk7L.s 			page 3


  27:cfar.c        ****         int32_t real = fft_array[2 * i];         // Real part
  84              		.loc 1 27 0 is_stmt 0 discriminator 1
  85 003a B442     		cmp	r4, r6
  86 003c E7DB     		blt	.L3
  87              	.LBE2:
  31:cfar.c        ****     }
  32:cfar.c        ****     return;
  33:cfar.c        **** }
  88              		.loc 1 33 0 is_stmt 1
  89 003e BDE8F081 		pop	{r4, r5, r6, r7, r8, pc}
  90              		.cfi_endproc
  91              	.LFE63:
  92              		.size	compute_magnitudes, .-compute_magnitudes
  93 0042 00BF     		.section	.text.init_fifo_buffer,"ax",%progbits
  94              		.align	2
  95              		.global	init_fifo_buffer
  96              		.thumb
  97              		.thumb_func
  98              		.type	init_fifo_buffer, %function
  99              	init_fifo_buffer:
 100              	.LFB64:
  34:cfar.c        **** 
  35:cfar.c        **** void init_fifo_buffer(int32 * fft_signal){
 101              		.loc 1 35 0
 102              		.cfi_startproc
 103              		@ args = 0, pretend = 0, frame = 0
 104              		@ frame_needed = 0, uses_anonymous_args = 0
 105              	.LVL12:
 106 0000 38B5     		push	{r3, r4, r5, lr}
 107              		.cfi_def_cfa_offset 16
 108              		.cfi_offset 3, -16
 109              		.cfi_offset 4, -12
 110              		.cfi_offset 5, -8
 111              		.cfi_offset 14, -4
 112 0002 0546     		mov	r5, r0
 113              	.LVL13:
 114              	.LBB4:
  36:cfar.c        ****     for(int i = 0; i < BUFFERSIZE; i++){
 115              		.loc 1 36 0
 116 0004 0024     		movs	r4, #0
 117 0006 07E0     		b	.L6
 118              	.LVL14:
 119              	.L7:
  37:cfar.c        ****            fifo[i] = (float)fft_signal[i];
 120              		.loc 1 37 0 discriminator 3
 121 0008 55F82400 		ldr	r0, [r5, r4, lsl #2]
 122 000c FFF7FEFF 		bl	__aeabi_i2f
 123              	.LVL15:
 124 0010 034B     		ldr	r3, .L9
 125 0012 43F82400 		str	r0, [r3, r4, lsl #2]	@ float
  36:cfar.c        ****     for(int i = 0; i < BUFFERSIZE; i++){
 126              		.loc 1 36 0 discriminator 3
 127 0016 0134     		adds	r4, r4, #1
 128              	.LVL16:
 129              	.L6:
  36:cfar.c        ****     for(int i = 0; i < BUFFERSIZE; i++){
 130              		.loc 1 36 0 is_stmt 0 discriminator 1
ARM GAS  C:\Users\schmi\AppData\Local\Temp\ccnEgk7L.s 			page 4


 131 0018 0E2C     		cmp	r4, #14
 132 001a F5DD     		ble	.L7
 133              	.LBE4:
  38:cfar.c        ****     }
  39:cfar.c        ****     return;   
  40:cfar.c        **** }
 134              		.loc 1 40 0 is_stmt 1
 135 001c 38BD     		pop	{r3, r4, r5, pc}
 136              	.LVL17:
 137              	.L10:
 138 001e 00BF     		.align	2
 139              	.L9:
 140 0020 00000000 		.word	.LANCHOR0
 141              		.cfi_endproc
 142              	.LFE64:
 143              		.size	init_fifo_buffer, .-init_fifo_buffer
 144              		.global	__aeabi_ddiv
 145              		.global	__aeabi_dsub
 146              		.global	__aeabi_dmul
 147              		.global	__aeabi_fadd
 148              		.global	__aeabi_fmul
 149              		.global	__aeabi_fdiv
 150              		.section	.text.cfar_get_threshold,"ax",%progbits
 151              		.align	2
 152              		.global	cfar_get_threshold
 153              		.thumb
 154              		.thumb_func
 155              		.type	cfar_get_threshold, %function
 156              	cfar_get_threshold:
 157              	.LFB65:
  41:cfar.c        **** 
  42:cfar.c        **** void cfar_get_threshold(float *output, int32* fft_signal){
 158              		.loc 1 42 0
 159              		.cfi_startproc
 160              		@ args = 0, pretend = 0, frame = 0
 161              		@ frame_needed = 0, uses_anonymous_args = 0
 162              	.LVL18:
 163 0000 2DE9F843 		push	{r3, r4, r5, r6, r7, r8, r9, lr}
 164              		.cfi_def_cfa_offset 32
 165              		.cfi_offset 3, -32
 166              		.cfi_offset 4, -28
 167              		.cfi_offset 5, -24
 168              		.cfi_offset 6, -20
 169              		.cfi_offset 7, -16
 170              		.cfi_offset 8, -12
 171              		.cfi_offset 9, -8
 172              		.cfi_offset 14, -4
 173 0004 8046     		mov	r8, r0
 174 0006 8946     		mov	r9, r1
  43:cfar.c        ****     PFA = pow(10, -6);
 175              		.loc 1 43 0
 176 0008 394C     		ldr	r4, .L23+8
 177 000a 3A4B     		ldr	r3, .L23+12
 178 000c E363     		str	r3, [r4, #60]	@ float
  44:cfar.c        ****     alpha = N * (pow(PFA, -1.0 / N) - 1);
 179              		.loc 1 44 0
 180 000e 3A4B     		ldr	r3, .L23+16
ARM GAS  C:\Users\schmi\AppData\Local\Temp\ccnEgk7L.s 			page 5


 181 0010 1868     		ldr	r0, [r3]	@ float
 182              	.LVL19:
 183 0012 FFF7FEFF 		bl	__aeabi_f2d
 184              	.LVL20:
 185 0016 0646     		mov	r6, r0
 186 0018 0F46     		mov	r7, r1
 187 001a 0246     		mov	r2, r0
 188 001c 0B46     		mov	r3, r1
 189 001e 0020     		movs	r0, #0
 190 0020 3649     		ldr	r1, .L23+20
 191 0022 FFF7FEFF 		bl	__aeabi_ddiv
 192              	.LVL21:
 193 0026 0246     		mov	r2, r0
 194 0028 0B46     		mov	r3, r1
 195 002a 2FA1     		adr	r1, .L23
 196 002c D1E90001 		ldrd	r0, [r1]
 197 0030 FFF7FEFF 		bl	pow
 198              	.LVL22:
 199 0034 0022     		movs	r2, #0
 200 0036 324B     		ldr	r3, .L23+24
 201 0038 FFF7FEFF 		bl	__aeabi_dsub
 202              	.LVL23:
 203 003c 0246     		mov	r2, r0
 204 003e 0B46     		mov	r3, r1
 205 0040 3046     		mov	r0, r6
 206 0042 3946     		mov	r1, r7
 207 0044 FFF7FEFF 		bl	__aeabi_dmul
 208              	.LVL24:
 209 0048 FFF7FEFF 		bl	__aeabi_d2f
 210              	.LVL25:
 211 004c 0746     		mov	r7, r0
 212 004e 2064     		str	r0, [r4, #64]	@ float
 213              	.LVL26:
 214              	.LBB5:
  45:cfar.c        ****     for (int i = BUFFERSIZE; i < SAMPLESIZE; i++) {
 215              		.loc 1 45 0
 216 0050 0F26     		movs	r6, #15
 217 0052 36E0     		b	.L12
 218              	.LVL27:
 219              	.L19:
  46:cfar.c        ****         summe = 0;
 220              		.loc 1 46 0
 221 0054 0022     		movs	r2, #0
 222 0056 264B     		ldr	r3, .L23+8
 223 0058 5A64     		str	r2, [r3, #68]	@ float
 224              	.LVL28:
 225              	.LBB6:
  47:cfar.c        ****         for (int j = 0; j < BUFFERSIZE; j++) {
 226              		.loc 1 47 0
 227 005a 0024     		movs	r4, #0
 228 005c 10E0     		b	.L13
 229              	.LVL29:
 230              	.L16:
  48:cfar.c        ****             if (j == 7) {
 231              		.loc 1 48 0
 232 005e 072C     		cmp	r4, #7
 233 0060 06D1     		bne	.L14
ARM GAS  C:\Users\schmi\AppData\Local\Temp\ccnEgk7L.s 			page 6


  49:cfar.c        ****                 summe += 0;
 234              		.loc 1 49 0
 235 0062 234D     		ldr	r5, .L23+8
 236 0064 0021     		movs	r1, #0
 237 0066 686C     		ldr	r0, [r5, #68]	@ float
 238 0068 FFF7FEFF 		bl	__aeabi_fadd
 239              	.LVL30:
 240 006c 6864     		str	r0, [r5, #68]	@ float
 241 006e 06E0     		b	.L15
 242              	.L14:
  50:cfar.c        ****             } else {
  51:cfar.c        ****                 summe += fifo[j];
 243              		.loc 1 51 0
 244 0070 1F4D     		ldr	r5, .L23+8
 245 0072 55F82410 		ldr	r1, [r5, r4, lsl #2]	@ float
 246 0076 686C     		ldr	r0, [r5, #68]	@ float
 247 0078 FFF7FEFF 		bl	__aeabi_fadd
 248              	.LVL31:
 249 007c 6864     		str	r0, [r5, #68]	@ float
 250              	.L15:
  47:cfar.c        ****             if (j == 7) {
 251              		.loc 1 47 0 discriminator 2
 252 007e 0134     		adds	r4, r4, #1
 253              	.LVL32:
 254              	.L13:
  47:cfar.c        ****             if (j == 7) {
 255              		.loc 1 47 0 is_stmt 0 discriminator 1
 256 0080 0E2C     		cmp	r4, #14
 257 0082 ECDD     		ble	.L16
 258              	.LBE6:
  52:cfar.c        ****             }
  53:cfar.c        ****         }
  54:cfar.c        ****         threshhold[i - 8] = alpha * summe / BUFFERSIZE;
 259              		.loc 1 54 0 is_stmt 1
 260 0084 A6F10805 		sub	r5, r6, #8
 261 0088 194C     		ldr	r4, .L23+8
 262              	.LVL33:
 263 008a 616C     		ldr	r1, [r4, #68]	@ float
 264 008c 3846     		mov	r0, r7
 265 008e FFF7FEFF 		bl	__aeabi_fmul
 266              	.LVL34:
 267 0092 1C49     		ldr	r1, .L23+28
 268 0094 FFF7FEFF 		bl	__aeabi_fdiv
 269              	.LVL35:
 270 0098 04EB8504 		add	r4, r4, r5, lsl #2
 271 009c A064     		str	r0, [r4, #72]	@ float
 272              	.LVL36:
 273              	.LBB7:
  55:cfar.c        **** 
  56:cfar.c        ****         // Shift fifo buffer
  57:cfar.c        ****         for (int j = 0; j < BUFFERSIZE - 1; j++) {
 274              		.loc 1 57 0
 275 009e 0023     		movs	r3, #0
 276 00a0 06E0     		b	.L17
 277              	.LVL37:
 278              	.L18:
  58:cfar.c        ****             fifo[j] = fifo[j + 1];
ARM GAS  C:\Users\schmi\AppData\Local\Temp\ccnEgk7L.s 			page 7


 279              		.loc 1 58 0 discriminator 3
 280 00a2 5A1C     		adds	r2, r3, #1
 281 00a4 1249     		ldr	r1, .L23+8
 282 00a6 51F82200 		ldr	r0, [r1, r2, lsl #2]	@ float
 283 00aa 41F82300 		str	r0, [r1, r3, lsl #2]	@ float
 284              	.LVL38:
  57:cfar.c        ****             fifo[j] = fifo[j + 1];
 285              		.loc 1 57 0 discriminator 3
 286 00ae 1346     		mov	r3, r2
 287              	.LVL39:
 288              	.L17:
  57:cfar.c        ****             fifo[j] = fifo[j + 1];
 289              		.loc 1 57 0 is_stmt 0 discriminator 1
 290 00b0 0D2B     		cmp	r3, #13
 291 00b2 F6DD     		ble	.L18
 292              	.LBE7:
  59:cfar.c        ****         }
  60:cfar.c        ****         // Last FIFO Element
  61:cfar.c        ****         fifo[BUFFERSIZE - 1] = (float)fft_signal[i];
 293              		.loc 1 61 0 is_stmt 1 discriminator 2
 294 00b4 59F82600 		ldr	r0, [r9, r6, lsl #2]
 295 00b8 FFF7FEFF 		bl	__aeabi_i2f
 296              	.LVL40:
 297 00bc 0C4B     		ldr	r3, .L23+8
 298 00be 9863     		str	r0, [r3, #56]	@ float
  45:cfar.c        ****         summe = 0;
 299              		.loc 1 45 0 discriminator 2
 300 00c0 0136     		adds	r6, r6, #1
 301              	.LVL41:
 302              	.L12:
  45:cfar.c        ****         summe = 0;
 303              		.loc 1 45 0 is_stmt 0 discriminator 1
 304 00c2 B6F5007F 		cmp	r6, #512
 305 00c6 C5DB     		blt	.L19
 306 00c8 0023     		movs	r3, #0
 307 00ca 06E0     		b	.L20
 308              	.LVL42:
 309              	.L21:
 310              	.LBE5:
 311              	.LBB8:
  62:cfar.c        ****     }
  63:cfar.c        ****     for(int i = 0; i < SAMPLESIZE ; i++){
  64:cfar.c        ****         output[i] = threshhold[i];   
 312              		.loc 1 64 0 is_stmt 1 discriminator 3
 313 00cc 084A     		ldr	r2, .L23+8
 314 00ce 02EB8302 		add	r2, r2, r3, lsl #2
 315 00d2 926C     		ldr	r2, [r2, #72]	@ float
 316 00d4 48F82320 		str	r2, [r8, r3, lsl #2]	@ float
  63:cfar.c        ****         output[i] = threshhold[i];   
 317              		.loc 1 63 0 discriminator 3
 318 00d8 0133     		adds	r3, r3, #1
 319              	.LVL43:
 320              	.L20:
  63:cfar.c        ****         output[i] = threshhold[i];   
 321              		.loc 1 63 0 is_stmt 0 discriminator 1
 322 00da B3F5007F 		cmp	r3, #512
 323 00de F5DB     		blt	.L21
ARM GAS  C:\Users\schmi\AppData\Local\Temp\ccnEgk7L.s 			page 8


 324              	.LBE8:
  65:cfar.c        ****     }
  66:cfar.c        ****     return;
  67:cfar.c        **** }
 325              		.loc 1 67 0 is_stmt 1
 326 00e0 BDE8F883 		pop	{r3, r4, r5, r6, r7, r8, r9, pc}
 327              	.LVL44:
 328              	.L24:
 329 00e4 AFF30080 		.align	3
 330              	.L23:
 331 00e8 000000A0 		.word	-1610612736
 332 00ec F7C6B03E 		.word	1051772663
 333 00f0 00000000 		.word	.LANCHOR0
 334 00f4 BD378635 		.word	897988541
 335 00f8 00000000 		.word	.LANCHOR1
 336 00fc 0000F0BF 		.word	-1074790400
 337 0100 0000F03F 		.word	1072693248
 338 0104 00007041 		.word	1097859072
 339              		.cfi_endproc
 340              	.LFE65:
 341              		.size	cfar_get_threshold, .-cfar_get_threshold
 342              		.global	threshhold
 343              		.global	fifo
 344              		.global	summe
 345              		.global	alpha
 346              		.global	PFA
 347              		.global	NR
 348              		.global	NG
 349              		.global	N
 350              		.data
 351              		.align	2
 352              		.set	.LANCHOR1,. + 0
 353              		.type	N, %object
 354              		.size	N, 4
 355              	N:
 356 0000 00000044 		.word	1140850688
 357              		.type	NR, %object
 358              		.size	NR, 4
 359              	NR:
 360 0004 00002041 		.word	1092616192
 361              		.type	NG, %object
 362              		.size	NG, 4
 363              	NG:
 364 0008 0000803F 		.word	1065353216
 365              		.bss
 366              		.align	2
 367              		.set	.LANCHOR0,. + 0
 368              		.type	fifo, %object
 369              		.size	fifo, 60
 370              	fifo:
 371 0000 00000000 		.space	60
 371      00000000 
 371      00000000 
 371      00000000 
 371      00000000 
 372              		.type	PFA, %object
 373              		.size	PFA, 4
ARM GAS  C:\Users\schmi\AppData\Local\Temp\ccnEgk7L.s 			page 9


 374              	PFA:
 375 003c 00000000 		.space	4
 376              		.type	alpha, %object
 377              		.size	alpha, 4
 378              	alpha:
 379 0040 00000000 		.space	4
 380              		.type	summe, %object
 381              		.size	summe, 4
 382              	summe:
 383 0044 00000000 		.space	4
 384              		.type	threshhold, %object
 385              		.size	threshhold, 2048
 386              	threshhold:
 387 0048 00000000 		.space	2048
 387      00000000 
 387      00000000 
 387      00000000 
 387      00000000 
 388              		.text
 389              	.Letext0:
 390              		.file 2 "c:\\program files (x86)\\cypress\\psoc creator\\4.4\\psoc creator\\import\\gnu\\arm\\5.4.
 391              		.file 3 "c:\\program files (x86)\\cypress\\psoc creator\\4.4\\psoc creator\\import\\gnu\\arm\\5.4.
 392              		.file 4 "Generated_Source\\PSoC5/cytypes.h"
 393              		.file 5 "Generated_Source\\PSoC5/core_cm3.h"
 394              		.file 6 "c:\\program files (x86)\\cypress\\psoc creator\\4.4\\psoc creator\\import\\gnu\\arm\\5.4.
 395              		.section	.debug_info,"",%progbits
 396              	.Ldebug_info0:
 397 0000 06030000 		.4byte	0x306
 398 0004 0400     		.2byte	0x4
 399 0006 00000000 		.4byte	.Ldebug_abbrev0
 400 000a 04       		.byte	0x4
 401 000b 01       		.uleb128 0x1
 402 000c 9E000000 		.4byte	.LASF33
 403 0010 0C       		.byte	0xc
 404 0011 79010000 		.4byte	.LASF34
 405 0015 22000000 		.4byte	.LASF35
 406 0019 00000000 		.4byte	.Ldebug_ranges0+0
 407 001d 00000000 		.4byte	0
 408 0021 00000000 		.4byte	.Ldebug_line0
 409 0025 02       		.uleb128 0x2
 410 0026 08       		.byte	0x8
 411 0027 04       		.byte	0x4
 412 0028 72010000 		.4byte	.LASF0
 413 002c 02       		.uleb128 0x2
 414 002d 01       		.byte	0x1
 415 002e 06       		.byte	0x6
 416 002f 7C000000 		.4byte	.LASF1
 417 0033 02       		.uleb128 0x2
 418 0034 01       		.byte	0x1
 419 0035 08       		.byte	0x8
 420 0036 51010000 		.4byte	.LASF2
 421 003a 02       		.uleb128 0x2
 422 003b 02       		.byte	0x2
 423 003c 05       		.byte	0x5
 424 003d 00020000 		.4byte	.LASF3
 425 0041 02       		.uleb128 0x2
 426 0042 02       		.byte	0x2
ARM GAS  C:\Users\schmi\AppData\Local\Temp\ccnEgk7L.s 			page 10


 427 0043 07       		.byte	0x7
 428 0044 0A000000 		.4byte	.LASF4
 429 0048 03       		.uleb128 0x3
 430 0049 00000000 		.4byte	.LASF10
 431 004d 02       		.byte	0x2
 432 004e 3F       		.byte	0x3f
 433 004f 53000000 		.4byte	0x53
 434 0053 02       		.uleb128 0x2
 435 0054 04       		.byte	0x4
 436 0055 05       		.byte	0x5
 437 0056 22020000 		.4byte	.LASF5
 438 005a 02       		.uleb128 0x2
 439 005b 04       		.byte	0x4
 440 005c 07       		.byte	0x7
 441 005d 2C010000 		.4byte	.LASF6
 442 0061 02       		.uleb128 0x2
 443 0062 08       		.byte	0x8
 444 0063 05       		.byte	0x5
 445 0064 D2010000 		.4byte	.LASF7
 446 0068 02       		.uleb128 0x2
 447 0069 08       		.byte	0x8
 448 006a 07       		.byte	0x7
 449 006b AA010000 		.4byte	.LASF8
 450 006f 04       		.uleb128 0x4
 451 0070 04       		.byte	0x4
 452 0071 05       		.byte	0x5
 453 0072 696E7400 		.ascii	"int\000"
 454 0076 02       		.uleb128 0x2
 455 0077 04       		.byte	0x4
 456 0078 07       		.byte	0x7
 457 0079 98010000 		.4byte	.LASF9
 458 007d 03       		.uleb128 0x3
 459 007e C1010000 		.4byte	.LASF11
 460 0082 03       		.byte	0x3
 461 0083 2C       		.byte	0x2c
 462 0084 48000000 		.4byte	0x48
 463 0088 05       		.uleb128 0x5
 464 0089 3E010000 		.4byte	.LASF12
 465 008d 04       		.byte	0x4
 466 008e ED01     		.2byte	0x1ed
 467 0090 53000000 		.4byte	0x53
 468 0094 02       		.uleb128 0x2
 469 0095 04       		.byte	0x4
 470 0096 04       		.byte	0x4
 471 0097 76000000 		.4byte	.LASF13
 472 009b 02       		.uleb128 0x2
 473 009c 01       		.byte	0x1
 474 009d 08       		.byte	0x8
 475 009e EA010000 		.4byte	.LASF14
 476 00a2 02       		.uleb128 0x2
 477 00a3 08       		.byte	0x8
 478 00a4 04       		.byte	0x4
 479 00a5 2B020000 		.4byte	.LASF15
 480 00a9 02       		.uleb128 0x2
 481 00aa 04       		.byte	0x4
 482 00ab 07       		.byte	0x7
 483 00ac C9010000 		.4byte	.LASF16
ARM GAS  C:\Users\schmi\AppData\Local\Temp\ccnEgk7L.s 			page 11


 484 00b0 06       		.uleb128 0x6
 485 00b1 5F010000 		.4byte	.LASF22
 486 00b5 01       		.byte	0x1
 487 00b6 1A       		.byte	0x1a
 488 00b7 00000000 		.4byte	.LFB63
 489 00bb 42000000 		.4byte	.LFE63-.LFB63
 490 00bf 01       		.uleb128 0x1
 491 00c0 9C       		.byte	0x9c
 492 00c1 3B010000 		.4byte	0x13b
 493 00c5 07       		.uleb128 0x7
 494 00c6 E0010000 		.4byte	.LASF17
 495 00ca 01       		.byte	0x1
 496 00cb 1A       		.byte	0x1a
 497 00cc 3B010000 		.4byte	0x13b
 498 00d0 00000000 		.4byte	.LLST0
 499 00d4 07       		.uleb128 0x7
 500 00d5 93000000 		.4byte	.LASF18
 501 00d9 01       		.byte	0x1
 502 00da 1A       		.byte	0x1a
 503 00db 41010000 		.4byte	0x141
 504 00df 1E000000 		.4byte	.LLST1
 505 00e3 07       		.uleb128 0x7
 506 00e4 37020000 		.4byte	.LASF19
 507 00e8 01       		.byte	0x1
 508 00e9 1A       		.byte	0x1a
 509 00ea 6F000000 		.4byte	0x6f
 510 00ee 3C000000 		.4byte	.LLST2
 511 00f2 08       		.uleb128 0x8
 512 00f3 0A000000 		.4byte	.LBB2
 513 00f7 34000000 		.4byte	.LBE2-.LBB2
 514 00fb 09       		.uleb128 0x9
 515 00fc 6900     		.ascii	"i\000"
 516 00fe 01       		.byte	0x1
 517 00ff 1B       		.byte	0x1b
 518 0100 6F000000 		.4byte	0x6f
 519 0104 5A000000 		.4byte	.LLST3
 520 0108 08       		.uleb128 0x8
 521 0109 0E000000 		.4byte	.LBB3
 522 010d 2A000000 		.4byte	.LBE3-.LBB3
 523 0111 0A       		.uleb128 0xa
 524 0112 A5010000 		.4byte	.LASF20
 525 0116 01       		.byte	0x1
 526 0117 1C       		.byte	0x1c
 527 0118 7D000000 		.4byte	0x7d
 528 011c 79000000 		.4byte	.LLST4
 529 0120 0A       		.uleb128 0xa
 530 0121 80010000 		.4byte	.LASF21
 531 0125 01       		.byte	0x1
 532 0126 1D       		.byte	0x1d
 533 0127 7D000000 		.4byte	0x7d
 534 012b 9D000000 		.4byte	.LLST5
 535 012f 0B       		.uleb128 0xb
 536 0130 30000000 		.4byte	.LVL9
 537 0134 F3020000 		.4byte	0x2f3
 538 0138 00       		.byte	0
 539 0139 00       		.byte	0
 540 013a 00       		.byte	0
ARM GAS  C:\Users\schmi\AppData\Local\Temp\ccnEgk7L.s 			page 12


 541 013b 0C       		.uleb128 0xc
 542 013c 04       		.byte	0x4
 543 013d 88000000 		.4byte	0x88
 544 0141 0C       		.uleb128 0xc
 545 0142 04       		.byte	0x4
 546 0143 94000000 		.4byte	0x94
 547 0147 06       		.uleb128 0x6
 548 0148 0A020000 		.4byte	.LASF23
 549 014c 01       		.byte	0x1
 550 014d 23       		.byte	0x23
 551 014e 00000000 		.4byte	.LFB64
 552 0152 24000000 		.4byte	.LFE64-.LFB64
 553 0156 01       		.uleb128 0x1
 554 0157 9C       		.byte	0x9c
 555 0158 83010000 		.4byte	0x183
 556 015c 07       		.uleb128 0x7
 557 015d 88000000 		.4byte	.LASF24
 558 0161 01       		.byte	0x1
 559 0162 23       		.byte	0x23
 560 0163 3B010000 		.4byte	0x13b
 561 0167 C3000000 		.4byte	.LLST6
 562 016b 08       		.uleb128 0x8
 563 016c 04000000 		.4byte	.LBB4
 564 0170 18000000 		.4byte	.LBE4-.LBB4
 565 0174 09       		.uleb128 0x9
 566 0175 6900     		.ascii	"i\000"
 567 0177 01       		.byte	0x1
 568 0178 24       		.byte	0x24
 569 0179 6F000000 		.4byte	0x6f
 570 017d EF000000 		.4byte	.LLST7
 571 0181 00       		.byte	0
 572 0182 00       		.byte	0
 573 0183 06       		.uleb128 0x6
 574 0184 85010000 		.4byte	.LASF25
 575 0188 01       		.byte	0x1
 576 0189 2A       		.byte	0x2a
 577 018a 00000000 		.4byte	.LFB65
 578 018e 08010000 		.4byte	.LFE65-.LFB65
 579 0192 01       		.uleb128 0x1
 580 0193 9C       		.byte	0x9c
 581 0194 3D020000 		.4byte	0x23d
 582 0198 07       		.uleb128 0x7
 583 0199 1B020000 		.4byte	.LASF26
 584 019d 01       		.byte	0x1
 585 019e 2A       		.byte	0x2a
 586 019f 41010000 		.4byte	0x141
 587 01a3 0E010000 		.4byte	.LLST8
 588 01a7 07       		.uleb128 0x7
 589 01a8 88000000 		.4byte	.LASF24
 590 01ac 01       		.byte	0x1
 591 01ad 2A       		.byte	0x2a
 592 01ae 3B010000 		.4byte	0x13b
 593 01b2 3A010000 		.4byte	.LLST9
 594 01b6 0D       		.uleb128 0xd
 595 01b7 50000000 		.4byte	.LBB5
 596 01bb 7C000000 		.4byte	.LBE5-.LBB5
 597 01bf 03020000 		.4byte	0x203
ARM GAS  C:\Users\schmi\AppData\Local\Temp\ccnEgk7L.s 			page 13


 598 01c3 09       		.uleb128 0x9
 599 01c4 6900     		.ascii	"i\000"
 600 01c6 01       		.byte	0x1
 601 01c7 2D       		.byte	0x2d
 602 01c8 6F000000 		.4byte	0x6f
 603 01cc 66010000 		.4byte	.LLST10
 604 01d0 0D       		.uleb128 0xd
 605 01d1 5A000000 		.4byte	.LBB6
 606 01d5 2A000000 		.4byte	.LBE6-.LBB6
 607 01d9 EB010000 		.4byte	0x1eb
 608 01dd 09       		.uleb128 0x9
 609 01de 6A00     		.ascii	"j\000"
 610 01e0 01       		.byte	0x1
 611 01e1 2F       		.byte	0x2f
 612 01e2 6F000000 		.4byte	0x6f
 613 01e6 85010000 		.4byte	.LLST11
 614 01ea 00       		.byte	0
 615 01eb 08       		.uleb128 0x8
 616 01ec 9E000000 		.4byte	.LBB7
 617 01f0 16000000 		.4byte	.LBE7-.LBB7
 618 01f4 09       		.uleb128 0x9
 619 01f5 6A00     		.ascii	"j\000"
 620 01f7 01       		.byte	0x1
 621 01f8 39       		.byte	0x39
 622 01f9 6F000000 		.4byte	0x6f
 623 01fd A4010000 		.4byte	.LLST12
 624 0201 00       		.byte	0
 625 0202 00       		.byte	0
 626 0203 0D       		.uleb128 0xd
 627 0204 CC000000 		.4byte	.LBB8
 628 0208 14000000 		.4byte	.LBE8-.LBB8
 629 020c 1E020000 		.4byte	0x21e
 630 0210 09       		.uleb128 0x9
 631 0211 6900     		.ascii	"i\000"
 632 0213 01       		.byte	0x1
 633 0214 3F       		.byte	0x3f
 634 0215 6F000000 		.4byte	0x6f
 635 0219 D9010000 		.4byte	.LLST13
 636 021d 00       		.byte	0
 637 021e 0E       		.uleb128 0xe
 638 021f 34000000 		.4byte	.LVL22
 639 0223 FE020000 		.4byte	0x2fe
 640 0227 0F       		.uleb128 0xf
 641 0228 06       		.uleb128 0x6
 642 0229 50       		.byte	0x50
 643 022a 93       		.byte	0x93
 644 022b 04       		.uleb128 0x4
 645 022c 51       		.byte	0x51
 646 022d 93       		.byte	0x93
 647 022e 04       		.uleb128 0x4
 648 022f 0B       		.uleb128 0xb
 649 0230 F4       		.byte	0xf4
 650 0231 25       		.uleb128 0x25
 651 0232 08       		.byte	0x8
 652 0233 000000A0 		.4byte	0xa0000000
 653 0237 F7C6B03E 		.4byte	0x3eb0c6f7
 654 023b 00       		.byte	0
ARM GAS  C:\Users\schmi\AppData\Local\Temp\ccnEgk7L.s 			page 14


 655 023c 00       		.byte	0
 656 023d 10       		.uleb128 0x10
 657 023e 44010000 		.4byte	.LASF27
 658 0242 05       		.byte	0x5
 659 0243 1207     		.2byte	0x712
 660 0245 49020000 		.4byte	0x249
 661 0249 11       		.uleb128 0x11
 662 024a 7D000000 		.4byte	0x7d
 663 024e 12       		.uleb128 0x12
 664 024f 4E00     		.ascii	"N\000"
 665 0251 01       		.byte	0x1
 666 0252 10       		.byte	0x10
 667 0253 94000000 		.4byte	0x94
 668 0257 05       		.uleb128 0x5
 669 0258 03       		.byte	0x3
 670 0259 00000000 		.4byte	N
 671 025d 12       		.uleb128 0x12
 672 025e 4E4700   		.ascii	"NG\000"
 673 0261 01       		.byte	0x1
 674 0262 11       		.byte	0x11
 675 0263 94000000 		.4byte	0x94
 676 0267 05       		.uleb128 0x5
 677 0268 03       		.byte	0x3
 678 0269 00000000 		.4byte	NG
 679 026d 12       		.uleb128 0x12
 680 026e 4E5200   		.ascii	"NR\000"
 681 0271 01       		.byte	0x1
 682 0272 12       		.byte	0x12
 683 0273 94000000 		.4byte	0x94
 684 0277 05       		.uleb128 0x5
 685 0278 03       		.byte	0x3
 686 0279 00000000 		.4byte	NR
 687 027d 12       		.uleb128 0x12
 688 027e 50464100 		.ascii	"PFA\000"
 689 0282 01       		.byte	0x1
 690 0283 13       		.byte	0x13
 691 0284 94000000 		.4byte	0x94
 692 0288 05       		.uleb128 0x5
 693 0289 03       		.byte	0x3
 694 028a 00000000 		.4byte	PFA
 695 028e 13       		.uleb128 0x13
 696 028f 3F020000 		.4byte	.LASF28
 697 0293 01       		.byte	0x1
 698 0294 14       		.byte	0x14
 699 0295 94000000 		.4byte	0x94
 700 0299 05       		.uleb128 0x5
 701 029a 03       		.byte	0x3
 702 029b 00000000 		.4byte	alpha
 703 029f 13       		.uleb128 0x13
 704 02a0 EF010000 		.4byte	.LASF29
 705 02a4 01       		.byte	0x1
 706 02a5 15       		.byte	0x15
 707 02a6 94000000 		.4byte	0x94
 708 02aa 05       		.uleb128 0x5
 709 02ab 03       		.byte	0x3
 710 02ac 00000000 		.4byte	summe
 711 02b0 14       		.uleb128 0x14
ARM GAS  C:\Users\schmi\AppData\Local\Temp\ccnEgk7L.s 			page 15


 712 02b1 94000000 		.4byte	0x94
 713 02b5 C0020000 		.4byte	0x2c0
 714 02b9 15       		.uleb128 0x15
 715 02ba A9000000 		.4byte	0xa9
 716 02be 0E       		.byte	0xe
 717 02bf 00       		.byte	0
 718 02c0 13       		.uleb128 0x13
 719 02c1 1D000000 		.4byte	.LASF30
 720 02c5 01       		.byte	0x1
 721 02c6 16       		.byte	0x16
 722 02c7 B0020000 		.4byte	0x2b0
 723 02cb 05       		.uleb128 0x5
 724 02cc 03       		.byte	0x3
 725 02cd 00000000 		.4byte	fifo
 726 02d1 14       		.uleb128 0x14
 727 02d2 94000000 		.4byte	0x94
 728 02d6 E2020000 		.4byte	0x2e2
 729 02da 16       		.uleb128 0x16
 730 02db A9000000 		.4byte	0xa9
 731 02df FF01     		.2byte	0x1ff
 732 02e1 00       		.byte	0
 733 02e2 13       		.uleb128 0x13
 734 02e3 F5010000 		.4byte	.LASF31
 735 02e7 01       		.byte	0x1
 736 02e8 17       		.byte	0x17
 737 02e9 D1020000 		.4byte	0x2d1
 738 02ed 05       		.uleb128 0x5
 739 02ee 03       		.byte	0x3
 740 02ef 00000000 		.4byte	threshhold
 741 02f3 17       		.uleb128 0x17
 742 02f4 45020000 		.4byte	.LASF32
 743 02f8 45020000 		.4byte	.LASF32
 744 02fc 06       		.byte	0x6
 745 02fd 87       		.byte	0x87
 746 02fe 18       		.uleb128 0x18
 747 02ff 706F7700 		.ascii	"pow\000"
 748 0303 706F7700 		.ascii	"pow\000"
 749 0307 06       		.byte	0x6
 750 0308 86       		.byte	0x86
 751 0309 00       		.byte	0
 752              		.section	.debug_abbrev,"",%progbits
 753              	.Ldebug_abbrev0:
 754 0000 01       		.uleb128 0x1
 755 0001 11       		.uleb128 0x11
 756 0002 01       		.byte	0x1
 757 0003 25       		.uleb128 0x25
 758 0004 0E       		.uleb128 0xe
 759 0005 13       		.uleb128 0x13
 760 0006 0B       		.uleb128 0xb
 761 0007 03       		.uleb128 0x3
 762 0008 0E       		.uleb128 0xe
 763 0009 1B       		.uleb128 0x1b
 764 000a 0E       		.uleb128 0xe
 765 000b 55       		.uleb128 0x55
 766 000c 17       		.uleb128 0x17
 767 000d 11       		.uleb128 0x11
 768 000e 01       		.uleb128 0x1
ARM GAS  C:\Users\schmi\AppData\Local\Temp\ccnEgk7L.s 			page 16


 769 000f 10       		.uleb128 0x10
 770 0010 17       		.uleb128 0x17
 771 0011 00       		.byte	0
 772 0012 00       		.byte	0
 773 0013 02       		.uleb128 0x2
 774 0014 24       		.uleb128 0x24
 775 0015 00       		.byte	0
 776 0016 0B       		.uleb128 0xb
 777 0017 0B       		.uleb128 0xb
 778 0018 3E       		.uleb128 0x3e
 779 0019 0B       		.uleb128 0xb
 780 001a 03       		.uleb128 0x3
 781 001b 0E       		.uleb128 0xe
 782 001c 00       		.byte	0
 783 001d 00       		.byte	0
 784 001e 03       		.uleb128 0x3
 785 001f 16       		.uleb128 0x16
 786 0020 00       		.byte	0
 787 0021 03       		.uleb128 0x3
 788 0022 0E       		.uleb128 0xe
 789 0023 3A       		.uleb128 0x3a
 790 0024 0B       		.uleb128 0xb
 791 0025 3B       		.uleb128 0x3b
 792 0026 0B       		.uleb128 0xb
 793 0027 49       		.uleb128 0x49
 794 0028 13       		.uleb128 0x13
 795 0029 00       		.byte	0
 796 002a 00       		.byte	0
 797 002b 04       		.uleb128 0x4
 798 002c 24       		.uleb128 0x24
 799 002d 00       		.byte	0
 800 002e 0B       		.uleb128 0xb
 801 002f 0B       		.uleb128 0xb
 802 0030 3E       		.uleb128 0x3e
 803 0031 0B       		.uleb128 0xb
 804 0032 03       		.uleb128 0x3
 805 0033 08       		.uleb128 0x8
 806 0034 00       		.byte	0
 807 0035 00       		.byte	0
 808 0036 05       		.uleb128 0x5
 809 0037 16       		.uleb128 0x16
 810 0038 00       		.byte	0
 811 0039 03       		.uleb128 0x3
 812 003a 0E       		.uleb128 0xe
 813 003b 3A       		.uleb128 0x3a
 814 003c 0B       		.uleb128 0xb
 815 003d 3B       		.uleb128 0x3b
 816 003e 05       		.uleb128 0x5
 817 003f 49       		.uleb128 0x49
 818 0040 13       		.uleb128 0x13
 819 0041 00       		.byte	0
 820 0042 00       		.byte	0
 821 0043 06       		.uleb128 0x6
 822 0044 2E       		.uleb128 0x2e
 823 0045 01       		.byte	0x1
 824 0046 3F       		.uleb128 0x3f
 825 0047 19       		.uleb128 0x19
ARM GAS  C:\Users\schmi\AppData\Local\Temp\ccnEgk7L.s 			page 17


 826 0048 03       		.uleb128 0x3
 827 0049 0E       		.uleb128 0xe
 828 004a 3A       		.uleb128 0x3a
 829 004b 0B       		.uleb128 0xb
 830 004c 3B       		.uleb128 0x3b
 831 004d 0B       		.uleb128 0xb
 832 004e 27       		.uleb128 0x27
 833 004f 19       		.uleb128 0x19
 834 0050 11       		.uleb128 0x11
 835 0051 01       		.uleb128 0x1
 836 0052 12       		.uleb128 0x12
 837 0053 06       		.uleb128 0x6
 838 0054 40       		.uleb128 0x40
 839 0055 18       		.uleb128 0x18
 840 0056 9642     		.uleb128 0x2116
 841 0058 19       		.uleb128 0x19
 842 0059 01       		.uleb128 0x1
 843 005a 13       		.uleb128 0x13
 844 005b 00       		.byte	0
 845 005c 00       		.byte	0
 846 005d 07       		.uleb128 0x7
 847 005e 05       		.uleb128 0x5
 848 005f 00       		.byte	0
 849 0060 03       		.uleb128 0x3
 850 0061 0E       		.uleb128 0xe
 851 0062 3A       		.uleb128 0x3a
 852 0063 0B       		.uleb128 0xb
 853 0064 3B       		.uleb128 0x3b
 854 0065 0B       		.uleb128 0xb
 855 0066 49       		.uleb128 0x49
 856 0067 13       		.uleb128 0x13
 857 0068 02       		.uleb128 0x2
 858 0069 17       		.uleb128 0x17
 859 006a 00       		.byte	0
 860 006b 00       		.byte	0
 861 006c 08       		.uleb128 0x8
 862 006d 0B       		.uleb128 0xb
 863 006e 01       		.byte	0x1
 864 006f 11       		.uleb128 0x11
 865 0070 01       		.uleb128 0x1
 866 0071 12       		.uleb128 0x12
 867 0072 06       		.uleb128 0x6
 868 0073 00       		.byte	0
 869 0074 00       		.byte	0
 870 0075 09       		.uleb128 0x9
 871 0076 34       		.uleb128 0x34
 872 0077 00       		.byte	0
 873 0078 03       		.uleb128 0x3
 874 0079 08       		.uleb128 0x8
 875 007a 3A       		.uleb128 0x3a
 876 007b 0B       		.uleb128 0xb
 877 007c 3B       		.uleb128 0x3b
 878 007d 0B       		.uleb128 0xb
 879 007e 49       		.uleb128 0x49
 880 007f 13       		.uleb128 0x13
 881 0080 02       		.uleb128 0x2
 882 0081 17       		.uleb128 0x17
ARM GAS  C:\Users\schmi\AppData\Local\Temp\ccnEgk7L.s 			page 18


 883 0082 00       		.byte	0
 884 0083 00       		.byte	0
 885 0084 0A       		.uleb128 0xa
 886 0085 34       		.uleb128 0x34
 887 0086 00       		.byte	0
 888 0087 03       		.uleb128 0x3
 889 0088 0E       		.uleb128 0xe
 890 0089 3A       		.uleb128 0x3a
 891 008a 0B       		.uleb128 0xb
 892 008b 3B       		.uleb128 0x3b
 893 008c 0B       		.uleb128 0xb
 894 008d 49       		.uleb128 0x49
 895 008e 13       		.uleb128 0x13
 896 008f 02       		.uleb128 0x2
 897 0090 17       		.uleb128 0x17
 898 0091 00       		.byte	0
 899 0092 00       		.byte	0
 900 0093 0B       		.uleb128 0xb
 901 0094 898201   		.uleb128 0x4109
 902 0097 00       		.byte	0
 903 0098 11       		.uleb128 0x11
 904 0099 01       		.uleb128 0x1
 905 009a 31       		.uleb128 0x31
 906 009b 13       		.uleb128 0x13
 907 009c 00       		.byte	0
 908 009d 00       		.byte	0
 909 009e 0C       		.uleb128 0xc
 910 009f 0F       		.uleb128 0xf
 911 00a0 00       		.byte	0
 912 00a1 0B       		.uleb128 0xb
 913 00a2 0B       		.uleb128 0xb
 914 00a3 49       		.uleb128 0x49
 915 00a4 13       		.uleb128 0x13
 916 00a5 00       		.byte	0
 917 00a6 00       		.byte	0
 918 00a7 0D       		.uleb128 0xd
 919 00a8 0B       		.uleb128 0xb
 920 00a9 01       		.byte	0x1
 921 00aa 11       		.uleb128 0x11
 922 00ab 01       		.uleb128 0x1
 923 00ac 12       		.uleb128 0x12
 924 00ad 06       		.uleb128 0x6
 925 00ae 01       		.uleb128 0x1
 926 00af 13       		.uleb128 0x13
 927 00b0 00       		.byte	0
 928 00b1 00       		.byte	0
 929 00b2 0E       		.uleb128 0xe
 930 00b3 898201   		.uleb128 0x4109
 931 00b6 01       		.byte	0x1
 932 00b7 11       		.uleb128 0x11
 933 00b8 01       		.uleb128 0x1
 934 00b9 31       		.uleb128 0x31
 935 00ba 13       		.uleb128 0x13
 936 00bb 00       		.byte	0
 937 00bc 00       		.byte	0
 938 00bd 0F       		.uleb128 0xf
 939 00be 8A8201   		.uleb128 0x410a
ARM GAS  C:\Users\schmi\AppData\Local\Temp\ccnEgk7L.s 			page 19


 940 00c1 00       		.byte	0
 941 00c2 02       		.uleb128 0x2
 942 00c3 18       		.uleb128 0x18
 943 00c4 9142     		.uleb128 0x2111
 944 00c6 18       		.uleb128 0x18
 945 00c7 00       		.byte	0
 946 00c8 00       		.byte	0
 947 00c9 10       		.uleb128 0x10
 948 00ca 34       		.uleb128 0x34
 949 00cb 00       		.byte	0
 950 00cc 03       		.uleb128 0x3
 951 00cd 0E       		.uleb128 0xe
 952 00ce 3A       		.uleb128 0x3a
 953 00cf 0B       		.uleb128 0xb
 954 00d0 3B       		.uleb128 0x3b
 955 00d1 05       		.uleb128 0x5
 956 00d2 49       		.uleb128 0x49
 957 00d3 13       		.uleb128 0x13
 958 00d4 3F       		.uleb128 0x3f
 959 00d5 19       		.uleb128 0x19
 960 00d6 3C       		.uleb128 0x3c
 961 00d7 19       		.uleb128 0x19
 962 00d8 00       		.byte	0
 963 00d9 00       		.byte	0
 964 00da 11       		.uleb128 0x11
 965 00db 35       		.uleb128 0x35
 966 00dc 00       		.byte	0
 967 00dd 49       		.uleb128 0x49
 968 00de 13       		.uleb128 0x13
 969 00df 00       		.byte	0
 970 00e0 00       		.byte	0
 971 00e1 12       		.uleb128 0x12
 972 00e2 34       		.uleb128 0x34
 973 00e3 00       		.byte	0
 974 00e4 03       		.uleb128 0x3
 975 00e5 08       		.uleb128 0x8
 976 00e6 3A       		.uleb128 0x3a
 977 00e7 0B       		.uleb128 0xb
 978 00e8 3B       		.uleb128 0x3b
 979 00e9 0B       		.uleb128 0xb
 980 00ea 49       		.uleb128 0x49
 981 00eb 13       		.uleb128 0x13
 982 00ec 3F       		.uleb128 0x3f
 983 00ed 19       		.uleb128 0x19
 984 00ee 02       		.uleb128 0x2
 985 00ef 18       		.uleb128 0x18
 986 00f0 00       		.byte	0
 987 00f1 00       		.byte	0
 988 00f2 13       		.uleb128 0x13
 989 00f3 34       		.uleb128 0x34
 990 00f4 00       		.byte	0
 991 00f5 03       		.uleb128 0x3
 992 00f6 0E       		.uleb128 0xe
 993 00f7 3A       		.uleb128 0x3a
 994 00f8 0B       		.uleb128 0xb
 995 00f9 3B       		.uleb128 0x3b
 996 00fa 0B       		.uleb128 0xb
ARM GAS  C:\Users\schmi\AppData\Local\Temp\ccnEgk7L.s 			page 20


 997 00fb 49       		.uleb128 0x49
 998 00fc 13       		.uleb128 0x13
 999 00fd 3F       		.uleb128 0x3f
 1000 00fe 19       		.uleb128 0x19
 1001 00ff 02       		.uleb128 0x2
 1002 0100 18       		.uleb128 0x18
 1003 0101 00       		.byte	0
 1004 0102 00       		.byte	0
 1005 0103 14       		.uleb128 0x14
 1006 0104 01       		.uleb128 0x1
 1007 0105 01       		.byte	0x1
 1008 0106 49       		.uleb128 0x49
 1009 0107 13       		.uleb128 0x13
 1010 0108 01       		.uleb128 0x1
 1011 0109 13       		.uleb128 0x13
 1012 010a 00       		.byte	0
 1013 010b 00       		.byte	0
 1014 010c 15       		.uleb128 0x15
 1015 010d 21       		.uleb128 0x21
 1016 010e 00       		.byte	0
 1017 010f 49       		.uleb128 0x49
 1018 0110 13       		.uleb128 0x13
 1019 0111 2F       		.uleb128 0x2f
 1020 0112 0B       		.uleb128 0xb
 1021 0113 00       		.byte	0
 1022 0114 00       		.byte	0
 1023 0115 16       		.uleb128 0x16
 1024 0116 21       		.uleb128 0x21
 1025 0117 00       		.byte	0
 1026 0118 49       		.uleb128 0x49
 1027 0119 13       		.uleb128 0x13
 1028 011a 2F       		.uleb128 0x2f
 1029 011b 05       		.uleb128 0x5
 1030 011c 00       		.byte	0
 1031 011d 00       		.byte	0
 1032 011e 17       		.uleb128 0x17
 1033 011f 2E       		.uleb128 0x2e
 1034 0120 00       		.byte	0
 1035 0121 3F       		.uleb128 0x3f
 1036 0122 19       		.uleb128 0x19
 1037 0123 3C       		.uleb128 0x3c
 1038 0124 19       		.uleb128 0x19
 1039 0125 6E       		.uleb128 0x6e
 1040 0126 0E       		.uleb128 0xe
 1041 0127 03       		.uleb128 0x3
 1042 0128 0E       		.uleb128 0xe
 1043 0129 3A       		.uleb128 0x3a
 1044 012a 0B       		.uleb128 0xb
 1045 012b 3B       		.uleb128 0x3b
 1046 012c 0B       		.uleb128 0xb
 1047 012d 00       		.byte	0
 1048 012e 00       		.byte	0
 1049 012f 18       		.uleb128 0x18
 1050 0130 2E       		.uleb128 0x2e
 1051 0131 00       		.byte	0
 1052 0132 3F       		.uleb128 0x3f
 1053 0133 19       		.uleb128 0x19
ARM GAS  C:\Users\schmi\AppData\Local\Temp\ccnEgk7L.s 			page 21


 1054 0134 3C       		.uleb128 0x3c
 1055 0135 19       		.uleb128 0x19
 1056 0136 6E       		.uleb128 0x6e
 1057 0137 08       		.uleb128 0x8
 1058 0138 03       		.uleb128 0x3
 1059 0139 08       		.uleb128 0x8
 1060 013a 3A       		.uleb128 0x3a
 1061 013b 0B       		.uleb128 0xb
 1062 013c 3B       		.uleb128 0x3b
 1063 013d 0B       		.uleb128 0xb
 1064 013e 00       		.byte	0
 1065 013f 00       		.byte	0
 1066 0140 00       		.byte	0
 1067              		.section	.debug_loc,"",%progbits
 1068              	.Ldebug_loc0:
 1069              	.LLST0:
 1070 0000 00000000 		.4byte	.LVL0
 1071 0004 0E000000 		.4byte	.LVL2
 1072 0008 0100     		.2byte	0x1
 1073 000a 50       		.byte	0x50
 1074 000b 0E000000 		.4byte	.LVL2
 1075 000f 42000000 		.4byte	.LFE63
 1076 0013 0100     		.2byte	0x1
 1077 0015 55       		.byte	0x55
 1078 0016 00000000 		.4byte	0
 1079 001a 00000000 		.4byte	0
 1080              	.LLST1:
 1081 001e 00000000 		.4byte	.LVL0
 1082 0022 0E000000 		.4byte	.LVL2
 1083 0026 0100     		.2byte	0x1
 1084 0028 51       		.byte	0x51
 1085 0029 0E000000 		.4byte	.LVL2
 1086 002d 42000000 		.4byte	.LFE63
 1087 0031 0100     		.2byte	0x1
 1088 0033 57       		.byte	0x57
 1089 0034 00000000 		.4byte	0
 1090 0038 00000000 		.4byte	0
 1091              	.LLST2:
 1092 003c 00000000 		.4byte	.LVL0
 1093 0040 0E000000 		.4byte	.LVL2
 1094 0044 0100     		.2byte	0x1
 1095 0046 52       		.byte	0x52
 1096 0047 0E000000 		.4byte	.LVL2
 1097 004b 42000000 		.4byte	.LFE63
 1098 004f 0100     		.2byte	0x1
 1099 0051 56       		.byte	0x56
 1100 0052 00000000 		.4byte	0
 1101 0056 00000000 		.4byte	0
 1102              	.LLST3:
 1103 005a 0A000000 		.4byte	.LVL1
 1104 005e 0E000000 		.4byte	.LVL2
 1105 0062 0200     		.2byte	0x2
 1106 0064 30       		.byte	0x30
 1107 0065 9F       		.byte	0x9f
 1108 0066 0E000000 		.4byte	.LVL2
 1109 006a 42000000 		.4byte	.LFE63
 1110 006e 0100     		.2byte	0x1
ARM GAS  C:\Users\schmi\AppData\Local\Temp\ccnEgk7L.s 			page 22


 1111 0070 54       		.byte	0x54
 1112 0071 00000000 		.4byte	0
 1113 0075 00000000 		.4byte	0
 1114              	.LLST4:
 1115 0079 14000000 		.4byte	.LVL3
 1116 007d 20000000 		.4byte	.LVL6
 1117 0081 0100     		.2byte	0x1
 1118 0083 50       		.byte	0x50
 1119 0084 20000000 		.4byte	.LVL6
 1120 0088 23000000 		.4byte	.LVL7-1
 1121 008c 0700     		.2byte	0x7
 1122 008e 74       		.byte	0x74
 1123 008f 00       		.sleb128 0
 1124 0090 33       		.byte	0x33
 1125 0091 24       		.byte	0x24
 1126 0092 75       		.byte	0x75
 1127 0093 00       		.sleb128 0
 1128 0094 22       		.byte	0x22
 1129 0095 00000000 		.4byte	0
 1130 0099 00000000 		.4byte	0
 1131              	.LLST5:
 1132 009d 18000000 		.4byte	.LVL4
 1133 00a1 1C000000 		.4byte	.LVL5
 1134 00a5 0100     		.2byte	0x1
 1135 00a7 53       		.byte	0x53
 1136 00a8 1C000000 		.4byte	.LVL5
 1137 00ac 23000000 		.4byte	.LVL7-1
 1138 00b0 0900     		.2byte	0x9
 1139 00b2 74       		.byte	0x74
 1140 00b3 00       		.sleb128 0
 1141 00b4 33       		.byte	0x33
 1142 00b5 24       		.byte	0x24
 1143 00b6 75       		.byte	0x75
 1144 00b7 00       		.sleb128 0
 1145 00b8 22       		.byte	0x22
 1146 00b9 23       		.byte	0x23
 1147 00ba 04       		.uleb128 0x4
 1148 00bb 00000000 		.4byte	0
 1149 00bf 00000000 		.4byte	0
 1150              	.LLST6:
 1151 00c3 00000000 		.4byte	.LVL12
 1152 00c7 08000000 		.4byte	.LVL14
 1153 00cb 0100     		.2byte	0x1
 1154 00cd 50       		.byte	0x50
 1155 00ce 08000000 		.4byte	.LVL14
 1156 00d2 1E000000 		.4byte	.LVL17
 1157 00d6 0100     		.2byte	0x1
 1158 00d8 55       		.byte	0x55
 1159 00d9 1E000000 		.4byte	.LVL17
 1160 00dd 24000000 		.4byte	.LFE64
 1161 00e1 0400     		.2byte	0x4
 1162 00e3 F3       		.byte	0xf3
 1163 00e4 01       		.uleb128 0x1
 1164 00e5 50       		.byte	0x50
 1165 00e6 9F       		.byte	0x9f
 1166 00e7 00000000 		.4byte	0
 1167 00eb 00000000 		.4byte	0
ARM GAS  C:\Users\schmi\AppData\Local\Temp\ccnEgk7L.s 			page 23


 1168              	.LLST7:
 1169 00ef 04000000 		.4byte	.LVL13
 1170 00f3 08000000 		.4byte	.LVL14
 1171 00f7 0200     		.2byte	0x2
 1172 00f9 30       		.byte	0x30
 1173 00fa 9F       		.byte	0x9f
 1174 00fb 08000000 		.4byte	.LVL14
 1175 00ff 1E000000 		.4byte	.LVL17
 1176 0103 0100     		.2byte	0x1
 1177 0105 54       		.byte	0x54
 1178 0106 00000000 		.4byte	0
 1179 010a 00000000 		.4byte	0
 1180              	.LLST8:
 1181 010e 00000000 		.4byte	.LVL18
 1182 0112 12000000 		.4byte	.LVL19
 1183 0116 0100     		.2byte	0x1
 1184 0118 50       		.byte	0x50
 1185 0119 12000000 		.4byte	.LVL19
 1186 011d E4000000 		.4byte	.LVL44
 1187 0121 0100     		.2byte	0x1
 1188 0123 58       		.byte	0x58
 1189 0124 E4000000 		.4byte	.LVL44
 1190 0128 08010000 		.4byte	.LFE65
 1191 012c 0400     		.2byte	0x4
 1192 012e F3       		.byte	0xf3
 1193 012f 01       		.uleb128 0x1
 1194 0130 50       		.byte	0x50
 1195 0131 9F       		.byte	0x9f
 1196 0132 00000000 		.4byte	0
 1197 0136 00000000 		.4byte	0
 1198              	.LLST9:
 1199 013a 00000000 		.4byte	.LVL18
 1200 013e 15000000 		.4byte	.LVL20-1
 1201 0142 0100     		.2byte	0x1
 1202 0144 51       		.byte	0x51
 1203 0145 15000000 		.4byte	.LVL20-1
 1204 0149 E4000000 		.4byte	.LVL44
 1205 014d 0100     		.2byte	0x1
 1206 014f 59       		.byte	0x59
 1207 0150 E4000000 		.4byte	.LVL44
 1208 0154 08010000 		.4byte	.LFE65
 1209 0158 0400     		.2byte	0x4
 1210 015a F3       		.byte	0xf3
 1211 015b 01       		.uleb128 0x1
 1212 015c 51       		.byte	0x51
 1213 015d 9F       		.byte	0x9f
 1214 015e 00000000 		.4byte	0
 1215 0162 00000000 		.4byte	0
 1216              	.LLST10:
 1217 0166 50000000 		.4byte	.LVL26
 1218 016a 54000000 		.4byte	.LVL27
 1219 016e 0200     		.2byte	0x2
 1220 0170 3F       		.byte	0x3f
 1221 0171 9F       		.byte	0x9f
 1222 0172 54000000 		.4byte	.LVL27
 1223 0176 E4000000 		.4byte	.LVL44
 1224 017a 0100     		.2byte	0x1
ARM GAS  C:\Users\schmi\AppData\Local\Temp\ccnEgk7L.s 			page 24


 1225 017c 56       		.byte	0x56
 1226 017d 00000000 		.4byte	0
 1227 0181 00000000 		.4byte	0
 1228              	.LLST11:
 1229 0185 5A000000 		.4byte	.LVL28
 1230 0189 5E000000 		.4byte	.LVL29
 1231 018d 0200     		.2byte	0x2
 1232 018f 30       		.byte	0x30
 1233 0190 9F       		.byte	0x9f
 1234 0191 5E000000 		.4byte	.LVL29
 1235 0195 8A000000 		.4byte	.LVL33
 1236 0199 0100     		.2byte	0x1
 1237 019b 54       		.byte	0x54
 1238 019c 00000000 		.4byte	0
 1239 01a0 00000000 		.4byte	0
 1240              	.LLST12:
 1241 01a4 9E000000 		.4byte	.LVL36
 1242 01a8 A2000000 		.4byte	.LVL37
 1243 01ac 0200     		.2byte	0x2
 1244 01ae 30       		.byte	0x30
 1245 01af 9F       		.byte	0x9f
 1246 01b0 A2000000 		.4byte	.LVL37
 1247 01b4 AE000000 		.4byte	.LVL38
 1248 01b8 0100     		.2byte	0x1
 1249 01ba 53       		.byte	0x53
 1250 01bb AE000000 		.4byte	.LVL38
 1251 01bf B0000000 		.4byte	.LVL39
 1252 01c3 0100     		.2byte	0x1
 1253 01c5 52       		.byte	0x52
 1254 01c6 B0000000 		.4byte	.LVL39
 1255 01ca BB000000 		.4byte	.LVL40-1
 1256 01ce 0100     		.2byte	0x1
 1257 01d0 53       		.byte	0x53
 1258 01d1 00000000 		.4byte	0
 1259 01d5 00000000 		.4byte	0
 1260              	.LLST13:
 1261 01d9 CC000000 		.4byte	.LVL42
 1262 01dd E4000000 		.4byte	.LVL44
 1263 01e1 0100     		.2byte	0x1
 1264 01e3 53       		.byte	0x53
 1265 01e4 00000000 		.4byte	0
 1266 01e8 00000000 		.4byte	0
 1267              		.section	.debug_aranges,"",%progbits
 1268 0000 2C000000 		.4byte	0x2c
 1269 0004 0200     		.2byte	0x2
 1270 0006 00000000 		.4byte	.Ldebug_info0
 1271 000a 04       		.byte	0x4
 1272 000b 00       		.byte	0
 1273 000c 0000     		.2byte	0
 1274 000e 0000     		.2byte	0
 1275 0010 00000000 		.4byte	.LFB63
 1276 0014 42000000 		.4byte	.LFE63-.LFB63
 1277 0018 00000000 		.4byte	.LFB64
 1278 001c 24000000 		.4byte	.LFE64-.LFB64
 1279 0020 00000000 		.4byte	.LFB65
 1280 0024 08010000 		.4byte	.LFE65-.LFB65
 1281 0028 00000000 		.4byte	0
ARM GAS  C:\Users\schmi\AppData\Local\Temp\ccnEgk7L.s 			page 25


 1282 002c 00000000 		.4byte	0
 1283              		.section	.debug_ranges,"",%progbits
 1284              	.Ldebug_ranges0:
 1285 0000 00000000 		.4byte	.LFB63
 1286 0004 42000000 		.4byte	.LFE63
 1287 0008 00000000 		.4byte	.LFB64
 1288 000c 24000000 		.4byte	.LFE64
 1289 0010 00000000 		.4byte	.LFB65
 1290 0014 08010000 		.4byte	.LFE65
 1291 0018 00000000 		.4byte	0
 1292 001c 00000000 		.4byte	0
 1293              		.section	.debug_line,"",%progbits
 1294              	.Ldebug_line0:
 1295 0000 70020000 		.section	.debug_str,"MS",%progbits,1
 1295      0200BE01 
 1295      00000201 
 1295      FB0E0D00 
 1295      01010101 
 1296              	.LASF10:
 1297 0000 5F5F696E 		.ascii	"__int32_t\000"
 1297      7433325F 
 1297      7400
 1298              	.LASF4:
 1299 000a 73686F72 		.ascii	"short unsigned int\000"
 1299      7420756E 
 1299      7369676E 
 1299      65642069 
 1299      6E7400
 1300              	.LASF30:
 1301 001d 6669666F 		.ascii	"fifo\000"
 1301      00
 1302              	.LASF35:
 1303 0022 433A5C55 		.ascii	"C:\\Users\\schmi\\OneDrive\\Dokumente\\PSoC Creator"
 1303      73657273 
 1303      5C736368 
 1303      6D695C4F 
 1303      6E654472 
 1304 0050 5C576F72 		.ascii	"\\Workspace01\\SDHD_LAB3\\Design01.cydsn\000"
 1304      6B737061 
 1304      63653031 
 1304      5C534448 
 1304      445F4C41 
 1305              	.LASF13:
 1306 0076 666C6F61 		.ascii	"float\000"
 1306      7400
 1307              	.LASF1:
 1308 007c 7369676E 		.ascii	"signed char\000"
 1308      65642063 
 1308      68617200 
 1309              	.LASF24:
 1310 0088 6666745F 		.ascii	"fft_signal\000"
 1310      7369676E 
 1310      616C00
 1311              	.LASF18:
 1312 0093 6D61676E 		.ascii	"magnitudes\000"
 1312      69747564 
 1312      657300
ARM GAS  C:\Users\schmi\AppData\Local\Temp\ccnEgk7L.s 			page 26


 1313              	.LASF33:
 1314 009e 474E5520 		.ascii	"GNU C11 5.4.1 20160609 (release) [ARM/embedded-5-br"
 1314      43313120 
 1314      352E342E 
 1314      31203230 
 1314      31363036 
 1315 00d1 616E6368 		.ascii	"anch revision 237715] -mcpu=cortex-m3 -mthumb -g -O"
 1315      20726576 
 1315      6973696F 
 1315      6E203233 
 1315      37373135 
 1316 0104 67202D66 		.ascii	"g -ffunction-sections -ffat-lto-objects\000"
 1316      66756E63 
 1316      74696F6E 
 1316      2D736563 
 1316      74696F6E 
 1317              	.LASF6:
 1318 012c 6C6F6E67 		.ascii	"long unsigned int\000"
 1318      20756E73 
 1318      69676E65 
 1318      6420696E 
 1318      7400
 1319              	.LASF12:
 1320 013e 696E7433 		.ascii	"int32\000"
 1320      3200
 1321              	.LASF27:
 1322 0144 49544D5F 		.ascii	"ITM_RxBuffer\000"
 1322      52784275 
 1322      66666572 
 1322      00
 1323              	.LASF2:
 1324 0151 756E7369 		.ascii	"unsigned char\000"
 1324      676E6564 
 1324      20636861 
 1324      7200
 1325              	.LASF22:
 1326 015f 636F6D70 		.ascii	"compute_magnitudes\000"
 1326      7574655F 
 1326      6D61676E 
 1326      69747564 
 1326      657300
 1327              	.LASF0:
 1328 0172 646F7562 		.ascii	"double\000"
 1328      6C6500
 1329              	.LASF34:
 1330 0179 63666172 		.ascii	"cfar.c\000"
 1330      2E6300
 1331              	.LASF21:
 1332 0180 696D6167 		.ascii	"imag\000"
 1332      00
 1333              	.LASF25:
 1334 0185 63666172 		.ascii	"cfar_get_threshold\000"
 1334      5F676574 
 1334      5F746872 
 1334      6573686F 
 1334      6C6400
 1335              	.LASF9:
ARM GAS  C:\Users\schmi\AppData\Local\Temp\ccnEgk7L.s 			page 27


 1336 0198 756E7369 		.ascii	"unsigned int\000"
 1336      676E6564 
 1336      20696E74 
 1336      00
 1337              	.LASF20:
 1338 01a5 7265616C 		.ascii	"real\000"
 1338      00
 1339              	.LASF8:
 1340 01aa 6C6F6E67 		.ascii	"long long unsigned int\000"
 1340      206C6F6E 
 1340      6720756E 
 1340      7369676E 
 1340      65642069 
 1341              	.LASF11:
 1342 01c1 696E7433 		.ascii	"int32_t\000"
 1342      325F7400 
 1343              	.LASF16:
 1344 01c9 73697A65 		.ascii	"sizetype\000"
 1344      74797065 
 1344      00
 1345              	.LASF7:
 1346 01d2 6C6F6E67 		.ascii	"long long int\000"
 1346      206C6F6E 
 1346      6720696E 
 1346      7400
 1347              	.LASF17:
 1348 01e0 6666745F 		.ascii	"fft_array\000"
 1348      61727261 
 1348      7900
 1349              	.LASF14:
 1350 01ea 63686172 		.ascii	"char\000"
 1350      00
 1351              	.LASF29:
 1352 01ef 73756D6D 		.ascii	"summe\000"
 1352      6500
 1353              	.LASF31:
 1354 01f5 74687265 		.ascii	"threshhold\000"
 1354      7368686F 
 1354      6C6400
 1355              	.LASF3:
 1356 0200 73686F72 		.ascii	"short int\000"
 1356      7420696E 
 1356      7400
 1357              	.LASF23:
 1358 020a 696E6974 		.ascii	"init_fifo_buffer\000"
 1358      5F666966 
 1358      6F5F6275 
 1358      66666572 
 1358      00
 1359              	.LASF26:
 1360 021b 6F757470 		.ascii	"output\000"
 1360      757400
 1361              	.LASF5:
 1362 0222 6C6F6E67 		.ascii	"long int\000"
 1362      20696E74 
 1362      00
 1363              	.LASF15:
ARM GAS  C:\Users\schmi\AppData\Local\Temp\ccnEgk7L.s 			page 28


 1364 022b 6C6F6E67 		.ascii	"long double\000"
 1364      20646F75 
 1364      626C6500 
 1365              	.LASF19:
 1366 0237 73616D70 		.ascii	"samples\000"
 1366      6C657300 
 1367              	.LASF28:
 1368 023f 616C7068 		.ascii	"alpha\000"
 1368      6100
 1369              	.LASF32:
 1370 0245 73717274 		.ascii	"sqrt\000"
 1370      00
 1371              		.ident	"GCC: (GNU Tools for ARM Embedded Processors) 5.4.1 20160609 (release) [ARM/embedded-5-bran
