ARM GAS  C:\Users\schmi\AppData\Local\Temp\ccMaNYrP.s 			page 1


   1              		.syntax unified
   2              		.cpu cortex-m3
   3              		.fpu softvfp
   4              		.eabi_attribute 20, 1
   5              		.eabi_attribute 21, 1
   6              		.eabi_attribute 23, 3
   7              		.eabi_attribute 24, 1
   8              		.eabi_attribute 25, 1
   9              		.eabi_attribute 26, 1
  10              		.eabi_attribute 30, 1
  11              		.eabi_attribute 34, 1
  12              		.eabi_attribute 18, 4
  13              		.thumb
  14              		.syntax unified
  15              		.file	"cymetadata.c"
  16              		.text
  17              	.Ltext0:
  18              		.cfi_sections	.debug_frame
  19              		.global	cy_metadata
  20              		.global	cy_meta_flashprotect
  21              		.global	cy_meta_wonvl
  22              		.global	cy_meta_custnvl
  23              		.global	cy_meta_configecc
  24              		.section	.cyconfigecc,"a",%progbits
  25              		.align	2
  26              		.type	cy_meta_configecc, %object
  27              		.size	cy_meta_configecc, 1128
  28              	cy_meta_configecc:
  29 0000 01       		.byte	1
  30 0001 45       		.byte	69
  31 0002 00       		.byte	0
  32 0003 40       		.byte	64
  33 0004 01       		.byte	1
  34 0005 52       		.byte	82
  35 0006 00       		.byte	0
  36 0007 40       		.byte	64
  37 0008 01       		.byte	1
  38 0009 5A       		.byte	90
  39 000a 00       		.byte	0
  40 000b 40       		.byte	64
  41 000c 03       		.byte	3
  42 000d 64       		.byte	100
  43 000e 00       		.byte	0
  44 000f 40       		.byte	64
  45 0010 01       		.byte	1
  46 0011 03       		.byte	3
  47 0012 01       		.byte	1
  48 0013 40       		.byte	64
  49 0014 01       		.byte	1
  50 0015 05       		.byte	5
  51 0016 01       		.byte	1
  52 0017 40       		.byte	64
  53 0018 01       		.byte	1
  54 0019 07       		.byte	7
  55 001a 01       		.byte	1
  56 001b 40       		.byte	64
  57 001c 04       		.byte	4
ARM GAS  C:\Users\schmi\AppData\Local\Temp\ccMaNYrP.s 			page 2


  58 001d 08       		.byte	8
  59 001e 01       		.byte	1
  60 001f 40       		.byte	64
  61 0020 02       		.byte	2
  62 0021 09       		.byte	9
  63 0022 01       		.byte	1
  64 0023 40       		.byte	64
  65 0024 4E       		.byte	78
  66 0025 0A       		.byte	10
  67 0026 01       		.byte	1
  68 0027 40       		.byte	64
  69 0028 41       		.byte	65
  70 0029 0B       		.byte	11
  71 002a 01       		.byte	1
  72 002b 40       		.byte	64
  73 002c 0C       		.byte	12
  74 002d 0C       		.byte	12
  75 002e 01       		.byte	1
  76 002f 40       		.byte	64
  77 0030 47       		.byte	71
  78 0031 0D       		.byte	13
  79 0032 01       		.byte	1
  80 0033 40       		.byte	64
  81 0034 4F       		.byte	79
  82 0035 0E       		.byte	14
  83 0036 01       		.byte	1
  84 0037 40       		.byte	64
  85 0038 33       		.byte	51
  86 0039 0F       		.byte	15
  87 003a 01       		.byte	1
  88 003b 40       		.byte	64
  89 003c 01       		.byte	1
  90 003d 19       		.byte	25
  91 003e 01       		.byte	1
  92 003f 40       		.byte	64
  93 0040 05       		.byte	5
  94 0041 40       		.byte	64
  95 0042 01       		.byte	1
  96 0043 40       		.byte	64
  97 0044 05       		.byte	5
  98 0045 41       		.byte	65
  99 0046 01       		.byte	1
 100 0047 40       		.byte	64
 101 0048 03       		.byte	3
 102 0049 42       		.byte	66
 103 004a 01       		.byte	1
 104 004b 40       		.byte	64
 105 004c 06       		.byte	6
 106 004d 43       		.byte	67
 107 004e 01       		.byte	1
 108 004f 40       		.byte	64
 109 0050 04       		.byte	4
 110 0051 44       		.byte	68
 111 0052 01       		.byte	1
 112 0053 40       		.byte	64
 113 0054 06       		.byte	6
 114 0055 45       		.byte	69
ARM GAS  C:\Users\schmi\AppData\Local\Temp\ccMaNYrP.s 			page 3


 115 0056 01       		.byte	1
 116 0057 40       		.byte	64
 117 0058 09       		.byte	9
 118 0059 46       		.byte	70
 119 005a 01       		.byte	1
 120 005b 40       		.byte	64
 121 005c 03       		.byte	3
 122 005d 47       		.byte	71
 123 005e 01       		.byte	1
 124 005f 40       		.byte	64
 125 0060 07       		.byte	7
 126 0061 48       		.byte	72
 127 0062 01       		.byte	1
 128 0063 40       		.byte	64
 129 0064 02       		.byte	2
 130 0065 4C       		.byte	76
 131 0066 01       		.byte	1
 132 0067 40       		.byte	64
 133 0068 03       		.byte	3
 134 0069 50       		.byte	80
 135 006a 01       		.byte	1
 136 006b 40       		.byte	64
 137 006c 02       		.byte	2
 138 006d 51       		.byte	81
 139 006e 01       		.byte	1
 140 006f 40       		.byte	64
 141 0070 17       		.byte	23
 142 0071 01       		.byte	1
 143 0072 14       		.byte	20
 144 0073 01       		.byte	1
 145 0074 97       		.byte	-105
 146 0075 01       		.byte	1
 147 0076 8A       		.byte	-118
 148 0077 72       		.byte	114
 149 0078 8D       		.byte	-115
 150 0079 38       		.byte	56
 151 007a 8E       		.byte	-114
 152 007b 0F       		.byte	15
 153 007c E6       		.byte	-26
 154 007d 02       		.byte	2
 155 007e E0       		.byte	-32
 156 007f 40       		.byte	64
 157 0080 E0       		.byte	-32
 158 0081 02       		.byte	2
 159 0082 39       		.byte	57
 160 0083 02       		.byte	2
 161 0084 3F       		.byte	63
 162 0085 01       		.byte	1
 163 0086 59       		.byte	89
 164 0087 04       		.byte	4
 165 0088 5F       		.byte	95
 166 0089 01       		.byte	1
 167 008a 24       		.byte	36
 168 008b 40       		.byte	64
 169 008c E0       		.byte	-32
 170 008d 02       		.byte	2
 171 008e 02       		.byte	2
ARM GAS  C:\Users\schmi\AppData\Local\Temp\ccMaNYrP.s 			page 4


 172 008f 01       		.byte	1
 173 0090 03       		.byte	3
 174 0091 23       		.byte	35
 175 0092 04       		.byte	4
 176 0093 0C       		.byte	12
 177 0094 05       		.byte	5
 178 0095 18       		.byte	24
 179 0096 06       		.byte	6
 180 0097 02       		.byte	2
 181 0098 09       		.byte	9
 182 0099 08       		.byte	8
 183 009a 10       		.byte	16
 184 009b 0C       		.byte	12
 185 009c 12       		.byte	18
 186 009d 02       		.byte	2
 187 009e 13       		.byte	19
 188 009f 04       		.byte	4
 189 00a0 14       		.byte	20
 190 00a1 0E       		.byte	14
 191 00a2 15       		.byte	21
 192 00a3 27       		.byte	39
 193 00a4 17       		.byte	23
 194 00a5 18       		.byte	24
 195 00a6 18       		.byte	24
 196 00a7 04       		.byte	4
 197 00a8 19       		.byte	25
 198 00a9 3C       		.byte	60
 199 00aa 1B       		.byte	27
 200 00ab 02       		.byte	2
 201 00ac 1D       		.byte	29
 202 00ad 10       		.byte	16
 203 00ae 1E       		.byte	30
 204 00af 02       		.byte	2
 205 00b0 20       		.byte	32
 206 00b1 08       		.byte	8
 207 00b2 21       		.byte	33
 208 00b3 04       		.byte	4
 209 00b4 24       		.byte	36
 210 00b5 02       		.byte	2
 211 00b6 25       		.byte	37
 212 00b7 40       		.byte	64
 213 00b8 26       		.byte	38
 214 00b9 0C       		.byte	12
 215 00ba 28       		.byte	40
 216 00bb 0C       		.byte	12
 217 00bc 29       		.byte	41
 218 00bd 3F       		.byte	63
 219 00be 2D       		.byte	45
 220 00bf 1C       		.byte	28
 221 00c0 2F       		.byte	47
 222 00c1 21       		.byte	33
 223 00c2 30       		.byte	48
 224 00c3 0E       		.byte	14
 225 00c4 31       		.byte	49
 226 00c5 38       		.byte	56
 227 00c6 33       		.byte	51
 228 00c7 40       		.byte	64
ARM GAS  C:\Users\schmi\AppData\Local\Temp\ccMaNYrP.s 			page 5


 229 00c8 35       		.byte	53
 230 00c9 1F       		.byte	31
 231 00ca 36       		.byte	54
 232 00cb 01       		.byte	1
 233 00cc 3A       		.byte	58
 234 00cd 02       		.byte	2
 235 00ce 3B       		.byte	59
 236 00cf 20       		.byte	32
 237 00d0 3F       		.byte	63
 238 00d1 04       		.byte	4
 239 00d2 56       		.byte	86
 240 00d3 02       		.byte	2
 241 00d4 57       		.byte	87
 242 00d5 11       		.byte	17
 243 00d6 58       		.byte	88
 244 00d7 04       		.byte	4
 245 00d8 59       		.byte	89
 246 00d9 04       		.byte	4
 247 00da 5B       		.byte	91
 248 00db 04       		.byte	4
 249 00dc 5C       		.byte	92
 250 00dd 11       		.byte	17
 251 00de 5D       		.byte	93
 252 00df 10       		.byte	16
 253 00e0 5F       		.byte	95
 254 00e1 01       		.byte	1
 255 00e2 81       		.byte	-127
 256 00e3 02       		.byte	2
 257 00e4 83       		.byte	-125
 258 00e5 0C       		.byte	12
 259 00e6 85       		.byte	-123
 260 00e7 02       		.byte	2
 261 00e8 87       		.byte	-121
 262 00e9 1C       		.byte	28
 263 00ea 89       		.byte	-119
 264 00eb 01       		.byte	1
 265 00ec 8F       		.byte	-113
 266 00ed 10       		.byte	16
 267 00ee 91       		.byte	-111
 268 00ef 18       		.byte	24
 269 00f0 93       		.byte	-109
 270 00f1 06       		.byte	6
 271 00f2 99       		.byte	-103
 272 00f3 01       		.byte	1
 273 00f4 A3       		.byte	-93
 274 00f5 18       		.byte	24
 275 00f6 A5       		.byte	-91
 276 00f7 01       		.byte	1
 277 00f8 AB       		.byte	-85
 278 00f9 06       		.byte	6
 279 00fa AD       		.byte	-83
 280 00fb 01       		.byte	1
 281 00fc B3       		.byte	-77
 282 00fd 01       		.byte	1
 283 00fe B7       		.byte	-73
 284 00ff 1E       		.byte	30
 285 0100 BB       		.byte	-69
ARM GAS  C:\Users\schmi\AppData\Local\Temp\ccMaNYrP.s 			page 6


 286 0101 80       		.byte	-128
 287 0102 BF       		.byte	-65
 288 0103 04       		.byte	4
 289 0104 C0       		.byte	-64
 290 0105 03       		.byte	3
 291 0106 C6       		.byte	-58
 292 0107 04       		.byte	4
 293 0108 C9       		.byte	-55
 294 0109 FF       		.byte	-1
 295 010a CA       		.byte	-54
 296 010b 07       		.byte	7
 297 010c CB       		.byte	-53
 298 010d FF       		.byte	-1
 299 010e CC       		.byte	-52
 300 010f 40       		.byte	64
 301 0110 CD       		.byte	-51
 302 0111 20       		.byte	32
 303 0112 CE       		.byte	-50
 304 0113 F0       		.byte	-16
 305 0114 CF       		.byte	-49
 306 0115 05       		.byte	5
 307 0116 D0       		.byte	-48
 308 0117 08       		.byte	8
 309 0118 D9       		.byte	-39
 310 0119 04       		.byte	4
 311 011a DA       		.byte	-38
 312 011b 04       		.byte	4
 313 011c DC       		.byte	-36
 314 011d 10       		.byte	16
 315 011e DD       		.byte	-35
 316 011f 01       		.byte	1
 317 0120 DF       		.byte	-33
 318 0121 01       		.byte	1
 319 0122 E0       		.byte	-32
 320 0123 40       		.byte	64
 321 0124 E1       		.byte	-31
 322 0125 A8       		.byte	-88
 323 0126 E2       		.byte	-30
 324 0127 40       		.byte	64
 325 0128 E3       		.byte	-29
 326 0129 20       		.byte	32
 327 012a 01       		.byte	1
 328 012b 02       		.byte	2
 329 012c 02       		.byte	2
 330 012d 20       		.byte	32
 331 012e 08       		.byte	8
 332 012f 80       		.byte	-128
 333 0130 0A       		.byte	10
 334 0131 50       		.byte	80
 335 0132 0B       		.byte	11
 336 0133 06       		.byte	6
 337 0134 10       		.byte	16
 338 0135 90       		.byte	-112
 339 0136 13       		.byte	19
 340 0137 20       		.byte	32
 341 0138 1A       		.byte	26
 342 0139 42       		.byte	66
ARM GAS  C:\Users\schmi\AppData\Local\Temp\ccMaNYrP.s 			page 7


 343 013a 1B       		.byte	27
 344 013b 01       		.byte	1
 345 013c 21       		.byte	33
 346 013d 01       		.byte	1
 347 013e 22       		.byte	34
 348 013f 24       		.byte	36
 349 0140 27       		.byte	39
 350 0141 11       		.byte	17
 351 0142 29       		.byte	41
 352 0143 06       		.byte	6
 353 0144 2A       		.byte	42
 354 0145 20       		.byte	32
 355 0146 2B       		.byte	43
 356 0147 01       		.byte	1
 357 0148 2C       		.byte	44
 358 0149 10       		.byte	16
 359 014a 2E       		.byte	46
 360 014b 44       		.byte	68
 361 014c 2F       		.byte	47
 362 014d 88       		.byte	-120
 363 014e 30       		.byte	48
 364 014f 84       		.byte	-124
 365 0150 32       		.byte	50
 366 0151 21       		.byte	33
 367 0152 36       		.byte	54
 368 0153 20       		.byte	32
 369 0154 37       		.byte	55
 370 0155 01       		.byte	1
 371 0156 38       		.byte	56
 372 0157 28       		.byte	40
 373 0158 3B       		.byte	59
 374 0159 02       		.byte	2
 375 015a 3D       		.byte	61
 376 015b 28       		.byte	40
 377 015c 3E       		.byte	62
 378 015d B0       		.byte	-80
 379 015e 3F       		.byte	63
 380 015f 01       		.byte	1
 381 0160 47       		.byte	71
 382 0161 08       		.byte	8
 383 0162 56       		.byte	86
 384 0163 80       		.byte	-128
 385 0164 57       		.byte	87
 386 0165 08       		.byte	8
 387 0166 58       		.byte	88
 388 0167 04       		.byte	4
 389 0168 5A       		.byte	90
 390 0169 04       		.byte	4
 391 016a 5B       		.byte	91
 392 016b 10       		.byte	16
 393 016c 68       		.byte	104
 394 016d 08       		.byte	8
 395 016e 69       		.byte	105
 396 016f 04       		.byte	4
 397 0170 6A       		.byte	106
 398 0171 80       		.byte	-128
 399 0172 70       		.byte	112
ARM GAS  C:\Users\schmi\AppData\Local\Temp\ccMaNYrP.s 			page 8


 400 0173 94       		.byte	-108
 401 0174 71       		.byte	113
 402 0175 08       		.byte	8
 403 0176 73       		.byte	115
 404 0177 24       		.byte	36
 405 0178 92       		.byte	-110
 406 0179 04       		.byte	4
 407 017a 93       		.byte	-109
 408 017b 01       		.byte	1
 409 017c 95       		.byte	-107
 410 017d 06       		.byte	6
 411 017e 96       		.byte	-106
 412 017f C8       		.byte	-56
 413 0180 97       		.byte	-105
 414 0181 04       		.byte	4
 415 0182 98       		.byte	-104
 416 0183 80       		.byte	-128
 417 0184 99       		.byte	-103
 418 0185 06       		.byte	6
 419 0186 9B       		.byte	-101
 420 0187 08       		.byte	8
 421 0188 9E       		.byte	-98
 422 0189 80       		.byte	-128
 423 018a 9F       		.byte	-97
 424 018b 01       		.byte	1
 425 018c A1       		.byte	-95
 426 018d 14       		.byte	20
 427 018e A3       		.byte	-93
 428 018f 80       		.byte	-128
 429 0190 A4       		.byte	-92
 430 0191 88       		.byte	-120
 431 0192 A5       		.byte	-91
 432 0193 08       		.byte	8
 433 0194 A6       		.byte	-90
 434 0195 20       		.byte	32
 435 0196 A7       		.byte	-89
 436 0197 09       		.byte	9
 437 0198 B5       		.byte	-75
 438 0199 02       		.byte	2
 439 019a C0       		.byte	-64
 440 019b 0C       		.byte	12
 441 019c C2       		.byte	-62
 442 019d 0F       		.byte	15
 443 019e C4       		.byte	-60
 444 019f 0E       		.byte	14
 445 01a0 CA       		.byte	-54
 446 01a1 FF       		.byte	-1
 447 01a2 CC       		.byte	-52
 448 01a3 AF       		.byte	-81
 449 01a4 CE       		.byte	-50
 450 01a5 F7       		.byte	-9
 451 01a6 D0       		.byte	-48
 452 01a7 40       		.byte	64
 453 01a8 D6       		.byte	-42
 454 01a9 04       		.byte	4
 455 01aa E0       		.byte	-32
 456 01ab 40       		.byte	64
ARM GAS  C:\Users\schmi\AppData\Local\Temp\ccMaNYrP.s 			page 9


 457 01ac 03       		.byte	3
 458 01ad 05       		.byte	5
 459 01ae 11       		.byte	17
 460 01af 06       		.byte	6
 461 01b0 13       		.byte	19
 462 01b1 01       		.byte	1
 463 01b2 17       		.byte	23
 464 01b3 03       		.byte	3
 465 01b4 23       		.byte	35
 466 01b5 06       		.byte	6
 467 01b6 2B       		.byte	43
 468 01b7 01       		.byte	1
 469 01b8 2F       		.byte	47
 470 01b9 02       		.byte	2
 471 01ba 33       		.byte	51
 472 01bb 07       		.byte	7
 473 01bc 3B       		.byte	59
 474 01bd 28       		.byte	40
 475 01be 59       		.byte	89
 476 01bf 04       		.byte	4
 477 01c0 5C       		.byte	92
 478 01c1 10       		.byte	16
 479 01c2 5F       		.byte	95
 480 01c3 01       		.byte	1
 481 01c4 00       		.byte	0
 482 01c5 04       		.byte	4
 483 01c6 01       		.byte	1
 484 01c7 22       		.byte	34
 485 01c8 03       		.byte	3
 486 01c9 02       		.byte	2
 487 01ca 08       		.byte	8
 488 01cb 80       		.byte	-128
 489 01cc 09       		.byte	9
 490 01cd 08       		.byte	8
 491 01ce 0A       		.byte	10
 492 01cf 40       		.byte	64
 493 01d0 0B       		.byte	11
 494 01d1 04       		.byte	4
 495 01d2 10       		.byte	16
 496 01d3 80       		.byte	-128
 497 01d4 11       		.byte	17
 498 01d5 30       		.byte	48
 499 01d6 12       		.byte	18
 500 01d7 20       		.byte	32
 501 01d8 18       		.byte	24
 502 01d9 05       		.byte	5
 503 01da 19       		.byte	25
 504 01db 11       		.byte	17
 505 01dc 1A       		.byte	26
 506 01dd 04       		.byte	4
 507 01de 21       		.byte	33
 508 01df 64       		.byte	100
 509 01e0 23       		.byte	35
 510 01e1 01       		.byte	1
 511 01e2 25       		.byte	37
 512 01e3 14       		.byte	20
 513 01e4 26       		.byte	38
ARM GAS  C:\Users\schmi\AppData\Local\Temp\ccMaNYrP.s 			page 10


 514 01e5 04       		.byte	4
 515 01e6 27       		.byte	39
 516 01e7 14       		.byte	20
 517 01e8 29       		.byte	41
 518 01e9 10       		.byte	16
 519 01ea 2A       		.byte	42
 520 01eb 04       		.byte	4
 521 01ec 2B       		.byte	43
 522 01ed 81       		.byte	-127
 523 01ee 2E       		.byte	46
 524 01ef 80       		.byte	-128
 525 01f0 2F       		.byte	47
 526 01f1 88       		.byte	-120
 527 01f2 32       		.byte	50
 528 01f3 A0       		.byte	-96
 529 01f4 33       		.byte	51
 530 01f5 09       		.byte	9
 531 01f6 36       		.byte	54
 532 01f7 04       		.byte	4
 533 01f8 37       		.byte	55
 534 01f9 01       		.byte	1
 535 01fa 39       		.byte	57
 536 01fb 98       		.byte	-104
 537 01fc 3B       		.byte	59
 538 01fd 02       		.byte	2
 539 01fe 3F       		.byte	63
 540 01ff 01       		.byte	1
 541 0200 40       		.byte	64
 542 0201 01       		.byte	1
 543 0202 41       		.byte	65
 544 0203 01       		.byte	1
 545 0204 42       		.byte	66
 546 0205 04       		.byte	4
 547 0206 43       		.byte	67
 548 0207 04       		.byte	4
 549 0208 48       		.byte	72
 550 0209 04       		.byte	4
 551 020a 4B       		.byte	75
 552 020b 02       		.byte	2
 553 020c 50       		.byte	80
 554 020d 10       		.byte	16
 555 020e 59       		.byte	89
 556 020f 01       		.byte	1
 557 0210 61       		.byte	97
 558 0211 20       		.byte	32
 559 0212 62       		.byte	98
 560 0213 40       		.byte	64
 561 0214 63       		.byte	99
 562 0215 40       		.byte	64
 563 0216 82       		.byte	-126
 564 0217 84       		.byte	-124
 565 0218 87       		.byte	-121
 566 0219 40       		.byte	64
 567 021a 88       		.byte	-120
 568 021b 84       		.byte	-124
 569 021c 94       		.byte	-108
 570 021d 20       		.byte	32
ARM GAS  C:\Users\schmi\AppData\Local\Temp\ccMaNYrP.s 			page 11


 571 021e 95       		.byte	-107
 572 021f 06       		.byte	6
 573 0220 96       		.byte	-106
 574 0221 88       		.byte	-120
 575 0222 97       		.byte	-105
 576 0223 01       		.byte	1
 577 0224 99       		.byte	-103
 578 0225 24       		.byte	36
 579 0226 9A       		.byte	-102
 580 0227 44       		.byte	68
 581 0228 9B       		.byte	-101
 582 0229 08       		.byte	8
 583 022a 9D       		.byte	-99
 584 022b 02       		.byte	2
 585 022c 9E       		.byte	-98
 586 022d 80       		.byte	-128
 587 022e 9F       		.byte	-97
 588 022f 11       		.byte	17
 589 0230 A0       		.byte	-96
 590 0231 04       		.byte	4
 591 0232 A3       		.byte	-93
 592 0233 82       		.byte	-126
 593 0234 A4       		.byte	-92
 594 0235 08       		.byte	8
 595 0236 A7       		.byte	-89
 596 0237 08       		.byte	8
 597 0238 A8       		.byte	-88
 598 0239 02       		.byte	2
 599 023a A9       		.byte	-87
 600 023b 04       		.byte	4
 601 023c B1       		.byte	-79
 602 023d 84       		.byte	-124
 603 023e C0       		.byte	-64
 604 023f 0F       		.byte	15
 605 0240 C2       		.byte	-62
 606 0241 0F       		.byte	15
 607 0242 C4       		.byte	-60
 608 0243 0E       		.byte	14
 609 0244 CA       		.byte	-54
 610 0245 BF       		.byte	-65
 611 0246 CC       		.byte	-52
 612 0247 CF       		.byte	-49
 613 0248 CE       		.byte	-50
 614 0249 8F       		.byte	-113
 615 024a D0       		.byte	-48
 616 024b 0F       		.byte	15
 617 024c D2       		.byte	-46
 618 024d 04       		.byte	4
 619 024e D6       		.byte	-42
 620 024f 01       		.byte	1
 621 0250 D8       		.byte	-40
 622 0251 0D       		.byte	13
 623 0252 00       		.byte	0
 624 0253 09       		.byte	9
 625 0254 02       		.byte	2
 626 0255 06       		.byte	6
 627 0256 03       		.byte	3
ARM GAS  C:\Users\schmi\AppData\Local\Temp\ccMaNYrP.s 			page 12


 628 0257 01       		.byte	1
 629 0258 04       		.byte	4
 630 0259 20       		.byte	32
 631 025a 05       		.byte	5
 632 025b 04       		.byte	4
 633 025c 08       		.byte	8
 634 025d 04       		.byte	4
 635 025e 0A       		.byte	10
 636 025f 18       		.byte	24
 637 0260 0B       		.byte	11
 638 0261 01       		.byte	1
 639 0262 0C       		.byte	12
 640 0263 12       		.byte	18
 641 0264 0E       		.byte	14
 642 0265 05       		.byte	5
 643 0266 12       		.byte	18
 644 0267 20       		.byte	32
 645 0268 14       		.byte	20
 646 0269 40       		.byte	64
 647 026a 15       		.byte	21
 648 026b 04       		.byte	4
 649 026c 19       		.byte	25
 650 026d 02       		.byte	2
 651 026e 1C       		.byte	28
 652 026f 20       		.byte	32
 653 0270 1D       		.byte	29
 654 0271 04       		.byte	4
 655 0272 21       		.byte	33
 656 0273 02       		.byte	2
 657 0274 24       		.byte	36
 658 0275 1F       		.byte	31
 659 0276 27       		.byte	39
 660 0277 02       		.byte	2
 661 0278 28       		.byte	40
 662 0279 1F       		.byte	31
 663 027a 2B       		.byte	43
 664 027b 02       		.byte	2
 665 027c 2F       		.byte	47
 666 027d 02       		.byte	2
 667 027e 30       		.byte	48
 668 027f 03       		.byte	3
 669 0280 31       		.byte	49
 670 0281 01       		.byte	1
 671 0282 33       		.byte	51
 672 0283 02       		.byte	2
 673 0284 34       		.byte	52
 674 0285 1C       		.byte	28
 675 0286 35       		.byte	53
 676 0287 04       		.byte	4
 677 0288 36       		.byte	54
 678 0289 60       		.byte	96
 679 028a 38       		.byte	56
 680 028b 80       		.byte	-128
 681 028c 3F       		.byte	63
 682 028d 05       		.byte	5
 683 028e 40       		.byte	64
 684 028f 13       		.byte	19
ARM GAS  C:\Users\schmi\AppData\Local\Temp\ccMaNYrP.s 			page 13


 685 0290 41       		.byte	65
 686 0291 02       		.byte	2
 687 0292 45       		.byte	69
 688 0293 0E       		.byte	14
 689 0294 46       		.byte	70
 690 0295 0B       		.byte	11
 691 0296 47       		.byte	71
 692 0297 0C       		.byte	12
 693 0298 48       		.byte	72
 694 0299 15       		.byte	21
 695 029a 49       		.byte	73
 696 029b FF       		.byte	-1
 697 029c 4A       		.byte	74
 698 029d FF       		.byte	-1
 699 029e 4B       		.byte	75
 700 029f FF       		.byte	-1
 701 02a0 4E       		.byte	78
 702 02a1 F0       		.byte	-16
 703 02a2 4F       		.byte	79
 704 02a3 44       		.byte	68
 705 02a4 50       		.byte	80
 706 02a5 0C       		.byte	12
 707 02a6 54       		.byte	84
 708 02a7 01       		.byte	1
 709 02a8 58       		.byte	88
 710 02a9 04       		.byte	4
 711 02aa 59       		.byte	89
 712 02ab 04       		.byte	4
 713 02ac 5A       		.byte	90
 714 02ad 04       		.byte	4
 715 02ae 5B       		.byte	91
 716 02af 04       		.byte	4
 717 02b0 5C       		.byte	92
 718 02b1 11       		.byte	17
 719 02b2 5D       		.byte	93
 720 02b3 11       		.byte	17
 721 02b4 5F       		.byte	95
 722 02b5 01       		.byte	1
 723 02b6 66       		.byte	102
 724 02b7 C0       		.byte	-64
 725 02b8 6A       		.byte	106
 726 02b9 40       		.byte	64
 727 02ba 6B       		.byte	107
 728 02bb 02       		.byte	2
 729 02bc 80       		.byte	-128
 730 02bd 20       		.byte	32
 731 02be 81       		.byte	-127
 732 02bf 03       		.byte	3
 733 02c0 8C       		.byte	-116
 734 02c1 20       		.byte	32
 735 02c2 8E       		.byte	-114
 736 02c3 18       		.byte	24
 737 02c4 90       		.byte	-112
 738 02c5 01       		.byte	1
 739 02c6 91       		.byte	-111
 740 02c7 02       		.byte	2
 741 02c8 92       		.byte	-110
ARM GAS  C:\Users\schmi\AppData\Local\Temp\ccMaNYrP.s 			page 14


 742 02c9 06       		.byte	6
 743 02ca 99       		.byte	-103
 744 02cb 03       		.byte	3
 745 02cc 9C       		.byte	-100
 746 02cd 12       		.byte	18
 747 02ce 9E       		.byte	-98
 748 02cf 20       		.byte	32
 749 02d0 A0       		.byte	-96
 750 02d1 38       		.byte	56
 751 02d2 A2       		.byte	-94
 752 02d3 04       		.byte	4
 753 02d4 A8       		.byte	-88
 754 02d5 18       		.byte	24
 755 02d6 AA       		.byte	-86
 756 02d7 22       		.byte	34
 757 02d8 AB       		.byte	-85
 758 02d9 01       		.byte	1
 759 02da AC       		.byte	-84
 760 02db 28       		.byte	40
 761 02dc B0       		.byte	-80
 762 02dd 3E       		.byte	62
 763 02de B5       		.byte	-75
 764 02df 03       		.byte	3
 765 02e0 B6       		.byte	-74
 766 02e1 01       		.byte	1
 767 02e2 B9       		.byte	-71
 768 02e3 20       		.byte	32
 769 02e4 BE       		.byte	-66
 770 02e5 40       		.byte	64
 771 02e6 BF       		.byte	-65
 772 02e7 10       		.byte	16
 773 02e8 D8       		.byte	-40
 774 02e9 04       		.byte	4
 775 02ea D9       		.byte	-39
 776 02eb 04       		.byte	4
 777 02ec DC       		.byte	-36
 778 02ed 01       		.byte	1
 779 02ee DF       		.byte	-33
 780 02ef 01       		.byte	1
 781 02f0 01       		.byte	1
 782 02f1 22       		.byte	34
 783 02f2 03       		.byte	3
 784 02f3 12       		.byte	18
 785 02f4 06       		.byte	6
 786 02f5 82       		.byte	-126
 787 02f6 08       		.byte	8
 788 02f7 05       		.byte	5
 789 02f8 0B       		.byte	11
 790 02f9 01       		.byte	1
 791 02fa 0E       		.byte	14
 792 02fb 81       		.byte	-127
 793 02fc 10       		.byte	16
 794 02fd 08       		.byte	8
 795 02fe 11       		.byte	17
 796 02ff 04       		.byte	4
 797 0300 15       		.byte	21
 798 0301 80       		.byte	-128
ARM GAS  C:\Users\schmi\AppData\Local\Temp\ccMaNYrP.s 			page 15


 799 0302 17       		.byte	23
 800 0303 11       		.byte	17
 801 0304 19       		.byte	25
 802 0305 20       		.byte	32
 803 0306 1A       		.byte	26
 804 0307 01       		.byte	1
 805 0308 1B       		.byte	27
 806 0309 82       		.byte	-126
 807 030a 1E       		.byte	30
 808 030b 82       		.byte	-126
 809 030c 20       		.byte	32
 810 030d 08       		.byte	8
 811 030e 21       		.byte	33
 812 030f 04       		.byte	4
 813 0310 23       		.byte	35
 814 0311 40       		.byte	64
 815 0312 27       		.byte	39
 816 0313 08       		.byte	8
 817 0314 28       		.byte	40
 818 0315 11       		.byte	17
 819 0316 2A       		.byte	42
 820 0317 06       		.byte	6
 821 0318 2B       		.byte	43
 822 0319 08       		.byte	8
 823 031a 2C       		.byte	44
 824 031b 04       		.byte	4
 825 031c 2F       		.byte	47
 826 031d 08       		.byte	8
 827 031e 30       		.byte	48
 828 031f 08       		.byte	8
 829 0320 32       		.byte	50
 830 0321 40       		.byte	64
 831 0322 33       		.byte	51
 832 0323 10       		.byte	16
 833 0324 34       		.byte	52
 834 0325 01       		.byte	1
 835 0326 37       		.byte	55
 836 0327 11       		.byte	17
 837 0328 38       		.byte	56
 838 0329 20       		.byte	32
 839 032a 39       		.byte	57
 840 032b 06       		.byte	6
 841 032c 3A       		.byte	58
 842 032d 40       		.byte	64
 843 032e 3B       		.byte	59
 844 032f 40       		.byte	64
 845 0330 3E       		.byte	62
 846 0331 02       		.byte	2
 847 0332 3F       		.byte	63
 848 0333 01       		.byte	1
 849 0334 42       		.byte	66
 850 0335 02       		.byte	2
 851 0336 43       		.byte	67
 852 0337 18       		.byte	24
 853 0338 49       		.byte	73
 854 0339 04       		.byte	4
 855 033a 51       		.byte	81
ARM GAS  C:\Users\schmi\AppData\Local\Temp\ccMaNYrP.s 			page 16


 856 033b 40       		.byte	64
 857 033c 52       		.byte	82
 858 033d 04       		.byte	4
 859 033e 58       		.byte	88
 860 033f 12       		.byte	18
 861 0340 59       		.byte	89
 862 0341 80       		.byte	-128
 863 0342 5A       		.byte	90
 864 0343 08       		.byte	8
 865 0344 8E       		.byte	-114
 866 0345 01       		.byte	1
 867 0346 C0       		.byte	-64
 868 0347 9F       		.byte	-97
 869 0348 C2       		.byte	-62
 870 0349 9D       		.byte	-99
 871 034a C4       		.byte	-60
 872 034b D6       		.byte	-42
 873 034c CA       		.byte	-54
 874 034d 2F       		.byte	47
 875 034e CC       		.byte	-52
 876 034f AE       		.byte	-82
 877 0350 CE       		.byte	-50
 878 0351 87       		.byte	-121
 879 0352 D0       		.byte	-48
 880 0353 0E       		.byte	14
 881 0354 D6       		.byte	-42
 882 0355 0F       		.byte	15
 883 0356 B4       		.byte	-76
 884 0357 40       		.byte	64
 885 0358 33       		.byte	51
 886 0359 80       		.byte	-128
 887 035a 36       		.byte	54
 888 035b 20       		.byte	32
 889 035c 3C       		.byte	60
 890 035d 40       		.byte	64
 891 035e CC       		.byte	-52
 892 035f 30       		.byte	48
 893 0360 CE       		.byte	-50
 894 0361 20       		.byte	32
 895 0362 86       		.byte	-122
 896 0363 20       		.byte	32
 897 0364 94       		.byte	-108
 898 0365 40       		.byte	64
 899 0366 A6       		.byte	-90
 900 0367 20       		.byte	32
 901 0368 A7       		.byte	-89
 902 0369 80       		.byte	-128
 903 036a E6       		.byte	-26
 904 036b 40       		.byte	64
 905 036c 8C       		.byte	-116
 906 036d 40       		.byte	64
 907 036e 94       		.byte	-108
 908 036f 40       		.byte	64
 909 0370 A7       		.byte	-89
 910 0371 80       		.byte	-128
 911 0372 11       		.byte	17
 912 0373 40       		.byte	64
ARM GAS  C:\Users\schmi\AppData\Local\Temp\ccMaNYrP.s 			page 17


 913 0374 85       		.byte	-123
 914 0375 40       		.byte	64
 915 0376 94       		.byte	-108
 916 0377 40       		.byte	64
 917 0378 A7       		.byte	-89
 918 0379 80       		.byte	-128
 919 037a C4       		.byte	-60
 920 037b 40       		.byte	64
 921 037c E0       		.byte	-32
 922 037d 40       		.byte	64
 923 037e 7C       		.byte	124
 924 037f 20       		.byte	32
 925 0380 8C       		.byte	-116
 926 0381 04       		.byte	4
 927 0382 DE       		.byte	-34
 928 0383 01       		.byte	1
 929 0384 E0       		.byte	-32
 930 0385 08       		.byte	8
 931 0386 01       		.byte	1
 932 0387 08       		.byte	8
 933 0388 50       		.byte	80
 934 0389 04       		.byte	4
 935 038a 90       		.byte	-112
 936 038b 08       		.byte	8
 937 038c 9C       		.byte	-100
 938 038d 20       		.byte	32
 939 038e C0       		.byte	-64
 940 038f 08       		.byte	8
 941 0390 D4       		.byte	-44
 942 0391 04       		.byte	4
 943 0392 33       		.byte	51
 944 0393 80       		.byte	-128
 945 0394 45       		.byte	69
 946 0395 02       		.byte	2
 947 0396 8F       		.byte	-113
 948 0397 80       		.byte	-128
 949 0398 9C       		.byte	-100
 950 0399 20       		.byte	32
 951 039a B5       		.byte	-75
 952 039b 08       		.byte	8
 953 039c CC       		.byte	-52
 954 039d 08       		.byte	8
 955 039e D0       		.byte	-48
 956 039f 01       		.byte	1
 957 03a0 E0       		.byte	-32
 958 03a1 02       		.byte	2
 959 03a2 EA       		.byte	-22
 960 03a3 02       		.byte	2
 961 03a4 85       		.byte	-123
 962 03a5 02       		.byte	2
 963 03a6 9C       		.byte	-100
 964 03a7 20       		.byte	32
 965 03a8 A5       		.byte	-91
 966 03a9 02       		.byte	2
 967 03aa 24       		.byte	36
 968 03ab 40       		.byte	64
 969 03ac 25       		.byte	37
ARM GAS  C:\Users\schmi\AppData\Local\Temp\ccMaNYrP.s 			page 18


 970 03ad 40       		.byte	64
 971 03ae 94       		.byte	-108
 972 03af 40       		.byte	64
 973 03b0 A5       		.byte	-91
 974 03b1 40       		.byte	64
 975 03b2 A9       		.byte	-87
 976 03b3 40       		.byte	64
 977 03b4 AB       		.byte	-85
 978 03b5 80       		.byte	-128
 979 03b6 C8       		.byte	-56
 980 03b7 A0       		.byte	-96
 981 03b8 B4       		.byte	-76
 982 03b9 20       		.byte	32
 983 03ba E8       		.byte	-24
 984 03bb 02       		.byte	2
 985 03bc 00       		.byte	0
 986 03bd 02       		.byte	2
 987 03be 0C       		.byte	12
 988 03bf 02       		.byte	2
 989 03c0 0E       		.byte	14
 990 03c1 02       		.byte	2
 991 03c2 00       		.byte	0
 992 03c3 0E       		.byte	14
 993 03c4 10       		.byte	16
 994 03c5 02       		.byte	2
 995 03c6 00       		.byte	0
 996 03c7 00       		.byte	0
 997 03c8 11       		.byte	17
 998 03c9 00       		.byte	0
 999 03ca 80       		.byte	-128
 1000 03cb 02       		.byte	2
 1001 03cc 33       		.byte	51
 1002 03cd 00       		.byte	0
 1003 03ce 0C       		.byte	12
 1004 03cf 02       		.byte	2
 1005 03d0 33       		.byte	51
 1006 03d1 01       		.byte	1
 1007 03d2 40       		.byte	64
 1008 03d3 00       		.byte	0
 1009 03d4 22       		.byte	34
 1010 03d5 0C       		.byte	12
 1011 03d6 80       		.byte	-128
 1012 03d7 30       		.byte	48
 1013 03d8 0F       		.byte	15
 1014 03d9 28       		.byte	40
 1015 03da 30       		.byte	48
 1016 03db 10       		.byte	16
 1017 03dc 0C       		.byte	12
 1018 03dd 00       		.byte	0
 1019 03de 00       		.byte	0
 1020 03df 14       		.byte	20
 1021 03e0 04       		.byte	4
 1022 03e1 00       		.byte	0
 1023 03e2 00       		.byte	0
 1024 03e3 01       		.byte	1
 1025 03e4 00       		.byte	0
 1026 03e5 0C       		.byte	12
ARM GAS  C:\Users\schmi\AppData\Local\Temp\ccMaNYrP.s 			page 19


 1027 03e6 33       		.byte	51
 1028 03e7 10       		.byte	16
 1029 03e8 08       		.byte	8
 1030 03e9 00       		.byte	0
 1031 03ea 00       		.byte	0
 1032 03eb 20       		.byte	32
 1033 03ec 0C       		.byte	12
 1034 03ed 0C       		.byte	12
 1035 03ee 33       		.byte	51
 1036 03ef 10       		.byte	16
 1037 03f0 3F       		.byte	63
 1038 03f1 01       		.byte	1
 1039 03f2 00       		.byte	0
 1040 03f3 00       		.byte	0
 1041 03f4 00       		.byte	0
 1042 03f5 00       		.byte	0
 1043 03f6 00       		.byte	0
 1044 03f7 01       		.byte	1
 1045 03f8 30       		.byte	48
 1046 03f9 00       		.byte	0
 1047 03fa 00       		.byte	0
 1048 03fb 01       		.byte	1
 1049 03fc 0F       		.byte	15
 1050 03fd 02       		.byte	2
 1051 03fe C0       		.byte	-64
 1052 03ff 3C       		.byte	60
 1053 0400 00       		.byte	0
 1054 0401 08       		.byte	8
 1055 0402 20       		.byte	32
 1056 0403 80       		.byte	-128
 1057 0404 00       		.byte	0
 1058 0405 00       		.byte	0
 1059 0406 40       		.byte	64
 1060 0407 10       		.byte	16
 1061 0408 26       		.byte	38
 1062 0409 03       		.byte	3
 1063 040a 04       		.byte	4
 1064 040b 00       		.byte	0
 1065 040c 01       		.byte	1
 1066 040d E0       		.byte	-32
 1067 040e C0       		.byte	-64
 1068 040f 00       		.byte	0
 1069 0410 0A       		.byte	10
 1070 0411 FF       		.byte	-1
 1071 0412 FF       		.byte	-1
 1072 0413 FF       		.byte	-1
 1073 0414 62       		.byte	98
 1074 0415 A0       		.byte	-96
 1075 0416 F0       		.byte	-16
 1076 0417 41       		.byte	65
 1077 0418 0C       		.byte	12
 1078 0419 00       		.byte	0
 1079 041a 00       		.byte	0
 1080 041b 00       		.byte	0
 1081 041c 18       		.byte	24
 1082 041d 00       		.byte	0
 1083 041e 04       		.byte	4
ARM GAS  C:\Users\schmi\AppData\Local\Temp\ccMaNYrP.s 			page 20


 1084 041f 00       		.byte	0
 1085 0420 04       		.byte	4
 1086 0421 04       		.byte	4
 1087 0422 04       		.byte	4
 1088 0423 04       		.byte	4
 1089 0424 11       		.byte	17
 1090 0425 11       		.byte	17
 1091 0426 00       		.byte	0
 1092 0427 01       		.byte	1
 1093 0428 00       		.byte	0
 1094 0429 00       		.byte	0
 1095 042a 00       		.byte	0
 1096 042b 00       		.byte	0
 1097 042c 00       		.byte	0
 1098 042d 00       		.byte	0
 1099 042e 40       		.byte	64
 1100 042f 02       		.byte	2
 1101 0430 00       		.byte	0
 1102 0431 10       		.byte	16
 1103 0432 30       		.byte	48
 1104 0433 10       		.byte	16
 1105 0434 00       		.byte	0
 1106 0435 10       		.byte	16
 1107 0436 10       		.byte	16
 1108 0437 12       		.byte	18
 1109 0438 00       		.byte	0
 1110 0439 00       		.byte	0
 1111 043a 00       		.byte	0
 1112 043b 00       		.byte	0
 1113 043c 00       		.byte	0
 1114 043d 00       		.byte	0
 1115 043e 00       		.byte	0
 1116 043f 00       		.byte	0
 1117 0440 00       		.byte	0
 1118 0441 00       		.byte	0
 1119 0442 00       		.byte	0
 1120 0443 00       		.byte	0
 1121 0444 00       		.byte	0
 1122 0445 00       		.byte	0
 1123 0446 00       		.byte	0
 1124 0447 00       		.byte	0
 1125 0448 00       		.byte	0
 1126 0449 00       		.byte	0
 1127 044a 00       		.byte	0
 1128 044b 00       		.byte	0
 1129 044c 00       		.byte	0
 1130 044d 00       		.byte	0
 1131 044e 03       		.byte	3
 1132 044f 00       		.byte	0
 1133 0450 00       		.byte	0
 1134 0451 0B       		.byte	11
 1135 0452 0B       		.byte	11
 1136 0453 00       		.byte	0
 1137 0454 00       		.byte	0
 1138 0455 00       		.byte	0
 1139 0456 00       		.byte	0
 1140 0457 00       		.byte	0
ARM GAS  C:\Users\schmi\AppData\Local\Temp\ccMaNYrP.s 			page 21


 1141 0458 82       		.byte	-126
 1142 0459 00       		.byte	0
 1143 045a 01       		.byte	1
 1144 045b F2       		.byte	-14
 1145 045c 72       		.byte	114
 1146 045d 00       		.byte	0
 1147 045e 02       		.byte	2
 1148 045f 00       		.byte	0
 1149 0460 00       		.byte	0
 1150 0461 00       		.byte	0
 1151 0462 00       		.byte	0
 1152 0463 00       		.byte	0
 1153 0464 BB       		.byte	-69
 1154 0465 00       		.byte	0
 1155 0466 18       		.byte	24
 1156 0467 01       		.byte	1
 1157              		.section	.cywolatch,"a",%progbits
 1158              		.align	2
 1159              		.type	cy_meta_wonvl, %object
 1160              		.size	cy_meta_wonvl, 4
 1161              	cy_meta_wonvl:
 1162 0000 BC       		.byte	-68
 1163 0001 90       		.byte	-112
 1164 0002 AC       		.byte	-84
 1165 0003 AF       		.byte	-81
 1166              		.section	.cycustnvl,"a",%progbits
 1167              		.align	2
 1168              		.type	cy_meta_custnvl, %object
 1169              		.size	cy_meta_custnvl, 4
 1170              	cy_meta_custnvl:
 1171 0000 00       		.byte	0
 1172 0001 00       		.byte	0
 1173 0002 40       		.byte	64
 1174 0003 05       		.byte	5
 1175              		.section	.cymeta,"a",%progbits
 1176              		.align	2
 1177              		.type	cy_metadata, %object
 1178              		.size	cy_metadata, 12
 1179              	cy_metadata:
 1180 0000 00       		.byte	0
 1181 0001 01       		.byte	1
 1182 0002 2E       		.byte	46
 1183 0003 16       		.byte	22
 1184 0004 00       		.byte	0
 1185 0005 69       		.byte	105
 1186 0006 00       		.byte	0
 1187 0007 01       		.byte	1
 1188 0008 00       		.byte	0
 1189 0009 00       		.byte	0
 1190 000a 00       		.byte	0
 1191 000b 00       		.byte	0
 1192              		.section	.cyflashprotect,"a",%progbits
 1193              		.align	2
 1194              		.type	cy_meta_flashprotect, %object
 1195              		.size	cy_meta_flashprotect, 256
 1196              	cy_meta_flashprotect:
 1197 0000 00000000 		.space	256
ARM GAS  C:\Users\schmi\AppData\Local\Temp\ccMaNYrP.s 			page 22


 1197      00000000 
 1197      00000000 
 1197      00000000 
 1197      00000000 
 1198              		.text
 1199              	.Letext0:
 1200              		.file 1 "c:\\program files (x86)\\cypress\\psoc creator\\4.4\\psoc creator\\import\\gnu\\arm\\5.4.
 1201              		.file 2 "c:\\program files (x86)\\cypress\\psoc creator\\4.4\\psoc creator\\import\\gnu\\arm\\5.4.
 1202              		.file 3 "Generated_Source\\PSoC5\\cymetadata.c"
 1203              		.section	.debug_info,"",%progbits
 1204              	.Ldebug_info0:
 1205 0000 32010000 		.4byte	0x132
 1206 0004 0400     		.2byte	0x4
 1207 0006 00000000 		.4byte	.Ldebug_abbrev0
 1208 000a 04       		.byte	0x4
 1209 000b 01       		.uleb128 0x1
 1210 000c 78000000 		.4byte	.LASF17
 1211 0010 0C       		.byte	0xc
 1212 0011 D2010000 		.4byte	.LASF18
 1213 0015 0A000000 		.4byte	.LASF19
 1214 0019 00000000 		.4byte	.Ldebug_line0
 1215 001d 02       		.uleb128 0x2
 1216 001e 01       		.byte	0x1
 1217 001f 06       		.byte	0x6
 1218 0020 C6010000 		.4byte	.LASF0
 1219 0024 03       		.uleb128 0x3
 1220 0025 00000000 		.4byte	.LASF9
 1221 0029 01       		.byte	0x1
 1222 002a 1D       		.byte	0x1d
 1223 002b 2F000000 		.4byte	0x2f
 1224 002f 02       		.uleb128 0x2
 1225 0030 01       		.byte	0x1
 1226 0031 08       		.byte	0x8
 1227 0032 6A000000 		.4byte	.LASF1
 1228 0036 02       		.uleb128 0x2
 1229 0037 02       		.byte	0x2
 1230 0038 05       		.byte	0x5
 1231 0039 B3010000 		.4byte	.LASF2
 1232 003d 02       		.uleb128 0x2
 1233 003e 02       		.byte	0x2
 1234 003f 07       		.byte	0x7
 1235 0040 18010000 		.4byte	.LASF3
 1236 0044 02       		.uleb128 0x2
 1237 0045 04       		.byte	0x4
 1238 0046 05       		.byte	0x5
 1239 0047 BD010000 		.4byte	.LASF4
 1240 004b 02       		.uleb128 0x2
 1241 004c 04       		.byte	0x4
 1242 004d 07       		.byte	0x7
 1243 004e 06010000 		.4byte	.LASF5
 1244 0052 02       		.uleb128 0x2
 1245 0053 08       		.byte	0x8
 1246 0054 05       		.byte	0x5
 1247 0055 A5010000 		.4byte	.LASF6
 1248 0059 02       		.uleb128 0x2
 1249 005a 08       		.byte	0x8
 1250 005b 07       		.byte	0x7
ARM GAS  C:\Users\schmi\AppData\Local\Temp\ccMaNYrP.s 			page 23


 1251 005c 5A010000 		.4byte	.LASF7
 1252 0060 04       		.uleb128 0x4
 1253 0061 04       		.byte	0x4
 1254 0062 05       		.byte	0x5
 1255 0063 696E7400 		.ascii	"int\000"
 1256 0067 02       		.uleb128 0x2
 1257 0068 04       		.byte	0x4
 1258 0069 07       		.byte	0x7
 1259 006a 4D010000 		.4byte	.LASF8
 1260 006e 03       		.uleb128 0x3
 1261 006f 71010000 		.4byte	.LASF10
 1262 0073 02       		.byte	0x2
 1263 0074 18       		.byte	0x18
 1264 0075 24000000 		.4byte	0x24
 1265 0079 05       		.uleb128 0x5
 1266 007a 91000000 		.4byte	0x91
 1267 007e 8A000000 		.4byte	0x8a
 1268 0082 06       		.uleb128 0x6
 1269 0083 8A000000 		.4byte	0x8a
 1270 0087 6704     		.2byte	0x467
 1271 0089 00       		.byte	0
 1272 008a 02       		.uleb128 0x2
 1273 008b 04       		.byte	0x4
 1274 008c 07       		.byte	0x7
 1275 008d 9C010000 		.4byte	.LASF11
 1276 0091 07       		.uleb128 0x7
 1277 0092 6E000000 		.4byte	0x6e
 1278 0096 08       		.uleb128 0x8
 1279 0097 3B010000 		.4byte	.LASF12
 1280 009b 03       		.byte	0x3
 1281 009c 1F       		.byte	0x1f
 1282 009d A7000000 		.4byte	0xa7
 1283 00a1 05       		.uleb128 0x5
 1284 00a2 03       		.byte	0x3
 1285 00a3 00000000 		.4byte	cy_meta_configecc
 1286 00a7 07       		.uleb128 0x7
 1287 00a8 79000000 		.4byte	0x79
 1288 00ac 05       		.uleb128 0x5
 1289 00ad 91000000 		.4byte	0x91
 1290 00b1 BC000000 		.4byte	0xbc
 1291 00b5 09       		.uleb128 0x9
 1292 00b6 8A000000 		.4byte	0x8a
 1293 00ba 03       		.byte	0x3
 1294 00bb 00       		.byte	0
 1295 00bc 08       		.uleb128 0x8
 1296 00bd 2B010000 		.4byte	.LASF13
 1297 00c1 03       		.byte	0x3
 1298 00c2 B9       		.byte	0xb9
 1299 00c3 CD000000 		.4byte	0xcd
 1300 00c7 05       		.uleb128 0x5
 1301 00c8 03       		.byte	0x3
 1302 00c9 00000000 		.4byte	cy_meta_custnvl
 1303 00cd 07       		.uleb128 0x7
 1304 00ce AC000000 		.4byte	0xac
 1305 00d2 08       		.uleb128 0x8
 1306 00d3 8E010000 		.4byte	.LASF14
 1307 00d7 03       		.byte	0x3
ARM GAS  C:\Users\schmi\AppData\Local\Temp\ccMaNYrP.s 			page 24


 1308 00d8 C7       		.byte	0xc7
 1309 00d9 E3000000 		.4byte	0xe3
 1310 00dd 05       		.uleb128 0x5
 1311 00de 03       		.byte	0x3
 1312 00df 00000000 		.4byte	cy_meta_wonvl
 1313 00e3 07       		.uleb128 0x7
 1314 00e4 AC000000 		.4byte	0xac
 1315 00e8 05       		.uleb128 0x5
 1316 00e9 91000000 		.4byte	0x91
 1317 00ed F8000000 		.4byte	0xf8
 1318 00f1 09       		.uleb128 0x9
 1319 00f2 8A000000 		.4byte	0x8a
 1320 00f6 FF       		.byte	0xff
 1321 00f7 00       		.byte	0
 1322 00f8 08       		.uleb128 0x8
 1323 00f9 79010000 		.4byte	.LASF15
 1324 00fd 03       		.byte	0x3
 1325 00fe D5       		.byte	0xd5
 1326 00ff 09010000 		.4byte	0x109
 1327 0103 05       		.uleb128 0x5
 1328 0104 03       		.byte	0x3
 1329 0105 00000000 		.4byte	cy_meta_flashprotect
 1330 0109 07       		.uleb128 0x7
 1331 010a E8000000 		.4byte	0xe8
 1332 010e 05       		.uleb128 0x5
 1333 010f 91000000 		.4byte	0x91
 1334 0113 1E010000 		.4byte	0x11e
 1335 0117 09       		.uleb128 0x9
 1336 0118 8A000000 		.4byte	0x8a
 1337 011c 0B       		.byte	0xb
 1338 011d 00       		.byte	0
 1339 011e 0A       		.uleb128 0xa
 1340 011f 5E000000 		.4byte	.LASF16
 1341 0123 03       		.byte	0x3
 1342 0124 0201     		.2byte	0x102
 1343 0126 30010000 		.4byte	0x130
 1344 012a 05       		.uleb128 0x5
 1345 012b 03       		.byte	0x3
 1346 012c 00000000 		.4byte	cy_metadata
 1347 0130 07       		.uleb128 0x7
 1348 0131 0E010000 		.4byte	0x10e
 1349 0135 00       		.byte	0
 1350              		.section	.debug_abbrev,"",%progbits
 1351              	.Ldebug_abbrev0:
 1352 0000 01       		.uleb128 0x1
 1353 0001 11       		.uleb128 0x11
 1354 0002 01       		.byte	0x1
 1355 0003 25       		.uleb128 0x25
 1356 0004 0E       		.uleb128 0xe
 1357 0005 13       		.uleb128 0x13
 1358 0006 0B       		.uleb128 0xb
 1359 0007 03       		.uleb128 0x3
 1360 0008 0E       		.uleb128 0xe
 1361 0009 1B       		.uleb128 0x1b
 1362 000a 0E       		.uleb128 0xe
 1363 000b 10       		.uleb128 0x10
 1364 000c 17       		.uleb128 0x17
ARM GAS  C:\Users\schmi\AppData\Local\Temp\ccMaNYrP.s 			page 25


 1365 000d 00       		.byte	0
 1366 000e 00       		.byte	0
 1367 000f 02       		.uleb128 0x2
 1368 0010 24       		.uleb128 0x24
 1369 0011 00       		.byte	0
 1370 0012 0B       		.uleb128 0xb
 1371 0013 0B       		.uleb128 0xb
 1372 0014 3E       		.uleb128 0x3e
 1373 0015 0B       		.uleb128 0xb
 1374 0016 03       		.uleb128 0x3
 1375 0017 0E       		.uleb128 0xe
 1376 0018 00       		.byte	0
 1377 0019 00       		.byte	0
 1378 001a 03       		.uleb128 0x3
 1379 001b 16       		.uleb128 0x16
 1380 001c 00       		.byte	0
 1381 001d 03       		.uleb128 0x3
 1382 001e 0E       		.uleb128 0xe
 1383 001f 3A       		.uleb128 0x3a
 1384 0020 0B       		.uleb128 0xb
 1385 0021 3B       		.uleb128 0x3b
 1386 0022 0B       		.uleb128 0xb
 1387 0023 49       		.uleb128 0x49
 1388 0024 13       		.uleb128 0x13
 1389 0025 00       		.byte	0
 1390 0026 00       		.byte	0
 1391 0027 04       		.uleb128 0x4
 1392 0028 24       		.uleb128 0x24
 1393 0029 00       		.byte	0
 1394 002a 0B       		.uleb128 0xb
 1395 002b 0B       		.uleb128 0xb
 1396 002c 3E       		.uleb128 0x3e
 1397 002d 0B       		.uleb128 0xb
 1398 002e 03       		.uleb128 0x3
 1399 002f 08       		.uleb128 0x8
 1400 0030 00       		.byte	0
 1401 0031 00       		.byte	0
 1402 0032 05       		.uleb128 0x5
 1403 0033 01       		.uleb128 0x1
 1404 0034 01       		.byte	0x1
 1405 0035 49       		.uleb128 0x49
 1406 0036 13       		.uleb128 0x13
 1407 0037 01       		.uleb128 0x1
 1408 0038 13       		.uleb128 0x13
 1409 0039 00       		.byte	0
 1410 003a 00       		.byte	0
 1411 003b 06       		.uleb128 0x6
 1412 003c 21       		.uleb128 0x21
 1413 003d 00       		.byte	0
 1414 003e 49       		.uleb128 0x49
 1415 003f 13       		.uleb128 0x13
 1416 0040 2F       		.uleb128 0x2f
 1417 0041 05       		.uleb128 0x5
 1418 0042 00       		.byte	0
 1419 0043 00       		.byte	0
 1420 0044 07       		.uleb128 0x7
 1421 0045 26       		.uleb128 0x26
ARM GAS  C:\Users\schmi\AppData\Local\Temp\ccMaNYrP.s 			page 26


 1422 0046 00       		.byte	0
 1423 0047 49       		.uleb128 0x49
 1424 0048 13       		.uleb128 0x13
 1425 0049 00       		.byte	0
 1426 004a 00       		.byte	0
 1427 004b 08       		.uleb128 0x8
 1428 004c 34       		.uleb128 0x34
 1429 004d 00       		.byte	0
 1430 004e 03       		.uleb128 0x3
 1431 004f 0E       		.uleb128 0xe
 1432 0050 3A       		.uleb128 0x3a
 1433 0051 0B       		.uleb128 0xb
 1434 0052 3B       		.uleb128 0x3b
 1435 0053 0B       		.uleb128 0xb
 1436 0054 49       		.uleb128 0x49
 1437 0055 13       		.uleb128 0x13
 1438 0056 3F       		.uleb128 0x3f
 1439 0057 19       		.uleb128 0x19
 1440 0058 02       		.uleb128 0x2
 1441 0059 18       		.uleb128 0x18
 1442 005a 00       		.byte	0
 1443 005b 00       		.byte	0
 1444 005c 09       		.uleb128 0x9
 1445 005d 21       		.uleb128 0x21
 1446 005e 00       		.byte	0
 1447 005f 49       		.uleb128 0x49
 1448 0060 13       		.uleb128 0x13
 1449 0061 2F       		.uleb128 0x2f
 1450 0062 0B       		.uleb128 0xb
 1451 0063 00       		.byte	0
 1452 0064 00       		.byte	0
 1453 0065 0A       		.uleb128 0xa
 1454 0066 34       		.uleb128 0x34
 1455 0067 00       		.byte	0
 1456 0068 03       		.uleb128 0x3
 1457 0069 0E       		.uleb128 0xe
 1458 006a 3A       		.uleb128 0x3a
 1459 006b 0B       		.uleb128 0xb
 1460 006c 3B       		.uleb128 0x3b
 1461 006d 05       		.uleb128 0x5
 1462 006e 49       		.uleb128 0x49
 1463 006f 13       		.uleb128 0x13
 1464 0070 3F       		.uleb128 0x3f
 1465 0071 19       		.uleb128 0x19
 1466 0072 02       		.uleb128 0x2
 1467 0073 18       		.uleb128 0x18
 1468 0074 00       		.byte	0
 1469 0075 00       		.byte	0
 1470 0076 00       		.byte	0
 1471              		.section	.debug_aranges,"",%progbits
 1472 0000 14000000 		.4byte	0x14
 1473 0004 0200     		.2byte	0x2
 1474 0006 00000000 		.4byte	.Ldebug_info0
 1475 000a 04       		.byte	0x4
 1476 000b 00       		.byte	0
 1477 000c 0000     		.2byte	0
 1478 000e 0000     		.2byte	0
ARM GAS  C:\Users\schmi\AppData\Local\Temp\ccMaNYrP.s 			page 27


 1479 0010 00000000 		.4byte	0
 1480 0014 00000000 		.4byte	0
 1481              		.section	.debug_line,"",%progbits
 1482              	.Ldebug_line0:
 1483 0000 3D010000 		.section	.debug_str,"MS",%progbits,1
 1483      02003701 
 1483      00000201 
 1483      FB0E0D00 
 1483      01010101 
 1484              	.LASF9:
 1485 0000 5F5F7569 		.ascii	"__uint8_t\000"
 1485      6E74385F 
 1485      7400
 1486              	.LASF19:
 1487 000a 433A5C55 		.ascii	"C:\\Users\\schmi\\OneDrive\\Dokumente\\PSoC Creator"
 1487      73657273 
 1487      5C736368 
 1487      6D695C4F 
 1487      6E654472 
 1488 0038 5C576F72 		.ascii	"\\Workspace01\\SDHD_LAB3\\Design01.cydsn\000"
 1488      6B737061 
 1488      63653031 
 1488      5C534448 
 1488      445F4C41 
 1489              	.LASF16:
 1490 005e 63795F6D 		.ascii	"cy_metadata\000"
 1490      65746164 
 1490      61746100 
 1491              	.LASF1:
 1492 006a 756E7369 		.ascii	"unsigned char\000"
 1492      676E6564 
 1492      20636861 
 1492      7200
 1493              	.LASF17:
 1494 0078 474E5520 		.ascii	"GNU C11 5.4.1 20160609 (release) [ARM/embedded-5-br"
 1494      43313120 
 1494      352E342E 
 1494      31203230 
 1494      31363036 
 1495 00ab 616E6368 		.ascii	"anch revision 237715] -mcpu=cortex-m3 -mthumb -g -O"
 1495      20726576 
 1495      6973696F 
 1495      6E203233 
 1495      37373135 
 1496 00de 67202D66 		.ascii	"g -ffunction-sections -ffat-lto-objects\000"
 1496      66756E63 
 1496      74696F6E 
 1496      2D736563 
 1496      74696F6E 
 1497              	.LASF5:
 1498 0106 6C6F6E67 		.ascii	"long unsigned int\000"
 1498      20756E73 
 1498      69676E65 
 1498      6420696E 
 1498      7400
 1499              	.LASF3:
 1500 0118 73686F72 		.ascii	"short unsigned int\000"
ARM GAS  C:\Users\schmi\AppData\Local\Temp\ccMaNYrP.s 			page 28


 1500      7420756E 
 1500      7369676E 
 1500      65642069 
 1500      6E7400
 1501              	.LASF13:
 1502 012b 63795F6D 		.ascii	"cy_meta_custnvl\000"
 1502      6574615F 
 1502      63757374 
 1502      6E766C00 
 1503              	.LASF12:
 1504 013b 63795F6D 		.ascii	"cy_meta_configecc\000"
 1504      6574615F 
 1504      636F6E66 
 1504      69676563 
 1504      6300
 1505              	.LASF8:
 1506 014d 756E7369 		.ascii	"unsigned int\000"
 1506      676E6564 
 1506      20696E74 
 1506      00
 1507              	.LASF7:
 1508 015a 6C6F6E67 		.ascii	"long long unsigned int\000"
 1508      206C6F6E 
 1508      6720756E 
 1508      7369676E 
 1508      65642069 
 1509              	.LASF10:
 1510 0171 75696E74 		.ascii	"uint8_t\000"
 1510      385F7400 
 1511              	.LASF15:
 1512 0179 63795F6D 		.ascii	"cy_meta_flashprotect\000"
 1512      6574615F 
 1512      666C6173 
 1512      6870726F 
 1512      74656374 
 1513              	.LASF14:
 1514 018e 63795F6D 		.ascii	"cy_meta_wonvl\000"
 1514      6574615F 
 1514      776F6E76 
 1514      6C00
 1515              	.LASF11:
 1516 019c 73697A65 		.ascii	"sizetype\000"
 1516      74797065 
 1516      00
 1517              	.LASF6:
 1518 01a5 6C6F6E67 		.ascii	"long long int\000"
 1518      206C6F6E 
 1518      6720696E 
 1518      7400
 1519              	.LASF2:
 1520 01b3 73686F72 		.ascii	"short int\000"
 1520      7420696E 
 1520      7400
 1521              	.LASF4:
 1522 01bd 6C6F6E67 		.ascii	"long int\000"
 1522      20696E74 
 1522      00
ARM GAS  C:\Users\schmi\AppData\Local\Temp\ccMaNYrP.s 			page 29


 1523              	.LASF0:
 1524 01c6 7369676E 		.ascii	"signed char\000"
 1524      65642063 
 1524      68617200 
 1525              	.LASF18:
 1526 01d2 47656E65 		.ascii	"Generated_Source\\PSoC5\\cymetadata.c\000"
 1526      72617465 
 1526      645F536F 
 1526      75726365 
 1526      5C50536F 
 1527              		.ident	"GCC: (GNU Tools for ARM Embedded Processors) 5.4.1 20160609 (release) [ARM/embedded-5-bran
